24.05.2023 19:07:40.617 [background-preinit] INFO   o.h.v.i.util.Version - HV000001: Hibernate Validator 8.0.0.Final
24.05.2023 19:07:40.718 [restartedMain] INFO   c.e.e.f.R.RailwayTicketOfficeApplication - Starting RailwayTicketOfficeApplication using Java 17.0.3.1 with PID 15228 (C:\Users\Полина\Documents\GitHub\Railway-ticket-office\target\classes started by Полина in C:\Users\Полина\Documents\GitHub\Railway-ticket-office)
24.05.2023 19:07:40.718 [restartedMain] INFO   c.e.e.f.R.RailwayTicketOfficeApplication - No active profile set, falling back to 1 default profile: "default"
24.05.2023 19:07:40.829 [restartedMain] INFO   o.s.b.d.e.DevToolsPropertyDefaultsPostProcessor - Devtools property defaults active! Set 'spring.devtools.add-properties' to 'false' to disable
24.05.2023 19:07:40.845 [restartedMain] INFO   o.s.b.d.e.DevToolsPropertyDefaultsPostProcessor - For additional web related logging consider setting the 'logging.level.web' property to 'DEBUG'
24.05.2023 19:07:42.967 [restartedMain] INFO   o.s.d.r.c.RepositoryConfigurationDelegate - Bootstrapping Spring Data JPA repositories in DEFAULT mode.
24.05.2023 19:07:43.166 [restartedMain] INFO   o.s.d.r.c.RepositoryConfigurationDelegate - Finished Spring Data repository scanning in 188 ms. Found 6 JPA repository interfaces.
24.05.2023 19:07:45.357 [restartedMain] INFO   o.s.b.w.e.t.TomcatWebServer - Tomcat initialized with port(s): 8080 (http)
24.05.2023 19:07:45.395 [restartedMain] INFO   o.a.c.h.Http11NioProtocol - Initializing ProtocolHandler ["http-nio-8080"]
24.05.2023 19:07:45.395 [restartedMain] INFO   o.a.c.c.StandardService - Starting service [Tomcat]
24.05.2023 19:07:45.395 [restartedMain] INFO   o.a.c.c.StandardEngine - Starting Servlet engine: [Apache Tomcat/10.1.7]
24.05.2023 19:07:45.589 [restartedMain] INFO   o.a.c.c.C.[.[.[/] - Initializing Spring embedded WebApplicationContext
24.05.2023 19:07:45.589 [restartedMain] INFO   o.s.b.w.s.c.ServletWebServerApplicationContext - Root WebApplicationContext: initialization completed in 4744 ms
24.05.2023 19:07:46.081 [restartedMain] INFO   o.h.j.i.u.LogHelper - HHH000204: Processing PersistenceUnitInfo [name: default]
24.05.2023 19:07:46.243 [restartedMain] INFO   o.hibernate.Version - HHH000412: Hibernate ORM core version 6.1.7.Final
24.05.2023 19:07:47.060 [restartedMain] INFO   c.z.h.HikariDataSource - HikariPool-1 - Starting...
24.05.2023 19:07:47.981 [restartedMain] INFO   c.z.h.p.HikariPool - HikariPool-1 - Added connection com.mysql.cj.jdbc.ConnectionImpl@63caa310
24.05.2023 19:07:47.994 [restartedMain] INFO   c.z.h.HikariDataSource - HikariPool-1 - Start completed.
24.05.2023 19:07:48.218 [restartedMain] INFO   SQL dialect - HHH000400: Using dialect: org.hibernate.dialect.MySQLDialect
24.05.2023 19:07:51.034 [restartedMain] INFO   o.h.e.t.j.p.i.JtaPlatformInitiator - HHH000490: Using JtaPlatform implementation: [org.hibernate.engine.transaction.jta.platform.internal.NoJtaPlatform]
24.05.2023 19:07:51.065 [restartedMain] INFO   o.s.o.j.LocalContainerEntityManagerFactoryBean - Initialized JPA EntityManagerFactory for persistence unit 'default'
24.05.2023 19:07:52.453 [restartedMain] WARN   o.s.b.a.o.j.JpaBaseConfiguration$JpaWebConfiguration - spring.jpa.open-in-view is enabled by default. Therefore, database queries may be performed during view rendering. Explicitly configure spring.jpa.open-in-view to disable this warning
24.05.2023 19:07:53.282 [restartedMain] INFO   o.s.s.w.DefaultSecurityFilterChain - Will secure any request with [org.springframework.security.web.session.DisableEncodeUrlFilter@2302ad71, org.springframework.security.web.context.request.async.WebAsyncManagerIntegrationFilter@44cc2078, org.springframework.security.web.context.SecurityContextHolderFilter@63b4a551, org.springframework.security.web.header.HeaderWriterFilter@7084e866, org.springframework.security.web.authentication.logout.LogoutFilter@25121364, org.springframework.security.web.authentication.UsernamePasswordAuthenticationFilter@24068129, org.springframework.security.web.savedrequest.RequestCacheAwareFilter@32cd9a57, org.springframework.security.web.servletapi.SecurityContextHolderAwareRequestFilter@21816983, org.springframework.security.web.authentication.AnonymousAuthenticationFilter@1860a6dc, org.springframework.security.web.access.ExceptionTranslationFilter@8ba95f5, org.springframework.security.web.access.intercept.AuthorizationFilter@3a8845ec]
24.05.2023 19:07:53.878 [restartedMain] INFO   o.s.b.d.a.OptionalLiveReloadServer - LiveReload server is running on port 35729
24.05.2023 19:07:53.894 [restartedMain] INFO   o.a.c.h.Http11NioProtocol - Starting ProtocolHandler ["http-nio-8080"]
24.05.2023 19:07:53.947 [restartedMain] INFO   o.s.b.w.e.t.TomcatWebServer - Tomcat started on port(s): 8080 (http) with context path ''
24.05.2023 19:07:53.978 [restartedMain] INFO   c.e.e.f.R.RailwayTicketOfficeApplication - Started RailwayTicketOfficeApplication in 14.053 seconds (process running for 34.549)
24.05.2023 19:08:10.625 [http-nio-8080-exec-1] INFO   o.a.c.c.C.[.[.[/] - Initializing Spring DispatcherServlet 'dispatcherServlet'
24.05.2023 19:08:10.625 [http-nio-8080-exec-1] INFO   o.s.w.s.DispatcherServlet - Initializing Servlet 'dispatcherServlet'
24.05.2023 19:08:10.625 [http-nio-8080-exec-1] INFO   o.s.w.s.DispatcherServlet - Completed initialization in 0 ms
24.05.2023 19:08:10.761 [http-nio-8080-exec-1] INFO   c.e.e.f.R.c.MainController - Home page
24.05.2023 19:08:34.123 [http-nio-8080-exec-2] INFO   c.e.e.f.R.c.MainController - Main controller: method 'routes'
24.05.2023 19:08:34.123 [http-nio-8080-exec-2] INFO   c.e.e.f.R.c.MainController - Main controller: method 'routes/{from}/{to}/{pageNu}'
24.05.2023 19:08:34.123 [http-nio-8080-exec-2] INFO   c.e.e.f.R.s.StopService - StopService: method 'search'
24.05.2023 19:08:34.580 [http-nio-8080-exec-2] INFO   c.e.e.f.R.s.StopService - StopService: method 'calculateTime'
24.05.2023 19:08:34.588 [http-nio-8080-exec-2] INFO   c.e.e.f.R.s.StopService - StopService: method 'calculateTime'
24.05.2023 19:08:34.588 [http-nio-8080-exec-2] INFO   c.e.e.f.R.s.StopService - StopService: method 'calculateTime'
24.05.2023 19:08:34.588 [http-nio-8080-exec-2] INFO   c.e.e.f.R.s.StopService - StopService: method 'calculateTime'
24.05.2023 19:09:05.613 [http-nio-8080-exec-9] INFO   c.e.e.f.R.c.MainController - Home page
24.05.2023 19:11:23.948 [SpringApplicationShutdownHook] INFO   o.s.o.j.LocalContainerEntityManagerFactoryBean - Closing JPA EntityManagerFactory for persistence unit 'default'
24.05.2023 19:11:23.963 [SpringApplicationShutdownHook] INFO   c.z.h.HikariDataSource - HikariPool-1 - Shutdown initiated...
24.05.2023 19:11:24.008 [SpringApplicationShutdownHook] INFO   c.z.h.HikariDataSource - HikariPool-1 - Shutdown completed.
24.05.2023 19:11:31.248 [background-preinit] INFO   o.h.v.i.util.Version - HV000001: Hibernate Validator 8.0.0.Final
24.05.2023 19:11:31.368 [restartedMain] INFO   c.e.e.f.R.RailwayTicketOfficeApplication - Starting RailwayTicketOfficeApplication using Java 17.0.3.1 with PID 9180 (C:\Users\Полина\Documents\GitHub\Railway-ticket-office\target\classes started by Полина in C:\Users\Полина\Documents\GitHub\Railway-ticket-office)
24.05.2023 19:11:31.368 [restartedMain] INFO   c.e.e.f.R.RailwayTicketOfficeApplication - No active profile set, falling back to 1 default profile: "default"
24.05.2023 19:11:31.510 [restartedMain] INFO   o.s.b.d.e.DevToolsPropertyDefaultsPostProcessor - Devtools property defaults active! Set 'spring.devtools.add-properties' to 'false' to disable
24.05.2023 19:11:31.510 [restartedMain] INFO   o.s.b.d.e.DevToolsPropertyDefaultsPostProcessor - For additional web related logging consider setting the 'logging.level.web' property to 'DEBUG'
24.05.2023 19:11:33.689 [restartedMain] INFO   o.s.d.r.c.RepositoryConfigurationDelegate - Bootstrapping Spring Data JPA repositories in DEFAULT mode.
24.05.2023 19:11:33.936 [restartedMain] INFO   o.s.d.r.c.RepositoryConfigurationDelegate - Finished Spring Data repository scanning in 227 ms. Found 6 JPA repository interfaces.
24.05.2023 19:11:35.987 [restartedMain] INFO   o.s.b.w.e.t.TomcatWebServer - Tomcat initialized with port(s): 8080 (http)
24.05.2023 19:11:36.018 [restartedMain] INFO   o.a.c.h.Http11NioProtocol - Initializing ProtocolHandler ["http-nio-8080"]
24.05.2023 19:11:36.018 [restartedMain] INFO   o.a.c.c.StandardService - Starting service [Tomcat]
24.05.2023 19:11:36.018 [restartedMain] INFO   o.a.c.c.StandardEngine - Starting Servlet engine: [Apache Tomcat/10.1.7]
24.05.2023 19:11:36.188 [restartedMain] INFO   o.a.c.c.C.[.[.[/] - Initializing Spring embedded WebApplicationContext
24.05.2023 19:11:36.188 [restartedMain] INFO   o.s.b.w.s.c.ServletWebServerApplicationContext - Root WebApplicationContext: initialization completed in 4678 ms
24.05.2023 19:11:36.687 [restartedMain] INFO   o.h.j.i.u.LogHelper - HHH000204: Processing PersistenceUnitInfo [name: default]
24.05.2023 19:11:36.893 [restartedMain] INFO   o.hibernate.Version - HHH000412: Hibernate ORM core version 6.1.7.Final
24.05.2023 19:11:37.701 [restartedMain] INFO   c.z.h.HikariDataSource - HikariPool-1 - Starting...
24.05.2023 19:11:38.465 [restartedMain] INFO   c.z.h.p.HikariPool - HikariPool-1 - Added connection com.mysql.cj.jdbc.ConnectionImpl@470f61a4
24.05.2023 19:11:38.481 [restartedMain] INFO   c.z.h.HikariDataSource - HikariPool-1 - Start completed.
24.05.2023 19:11:38.618 [restartedMain] INFO   SQL dialect - HHH000400: Using dialect: org.hibernate.dialect.MySQLDialect
24.05.2023 19:11:41.056 [restartedMain] INFO   o.h.e.t.j.p.i.JtaPlatformInitiator - HHH000490: Using JtaPlatform implementation: [org.hibernate.engine.transaction.jta.platform.internal.NoJtaPlatform]
24.05.2023 19:11:41.072 [restartedMain] INFO   o.s.o.j.LocalContainerEntityManagerFactoryBean - Initialized JPA EntityManagerFactory for persistence unit 'default'
24.05.2023 19:11:42.436 [restartedMain] WARN   o.s.b.a.o.j.JpaBaseConfiguration$JpaWebConfiguration - spring.jpa.open-in-view is enabled by default. Therefore, database queries may be performed during view rendering. Explicitly configure spring.jpa.open-in-view to disable this warning
24.05.2023 19:11:43.254 [restartedMain] INFO   o.s.s.w.DefaultSecurityFilterChain - Will secure any request with [org.springframework.security.web.session.DisableEncodeUrlFilter@62dba220, org.springframework.security.web.context.request.async.WebAsyncManagerIntegrationFilter@769711b9, org.springframework.security.web.context.SecurityContextHolderFilter@730b900b, org.springframework.security.web.header.HeaderWriterFilter@5485bbff, org.springframework.security.web.authentication.logout.LogoutFilter@41679f93, org.springframework.security.web.authentication.UsernamePasswordAuthenticationFilter@6628c717, org.springframework.security.web.savedrequest.RequestCacheAwareFilter@523bbe84, org.springframework.security.web.servletapi.SecurityContextHolderAwareRequestFilter@1f7e5897, org.springframework.security.web.authentication.AnonymousAuthenticationFilter@3bb06e49, org.springframework.security.web.access.ExceptionTranslationFilter@300d9503, org.springframework.security.web.access.intercept.AuthorizationFilter@20e2a973]
24.05.2023 19:11:43.929 [restartedMain] INFO   o.s.b.d.a.OptionalLiveReloadServer - LiveReload server is running on port 35729
24.05.2023 19:11:43.959 [restartedMain] INFO   o.a.c.h.Http11NioProtocol - Starting ProtocolHandler ["http-nio-8080"]
24.05.2023 19:11:44.013 [restartedMain] INFO   o.s.b.w.e.t.TomcatWebServer - Tomcat started on port(s): 8080 (http) with context path ''
24.05.2023 19:11:44.032 [restartedMain] INFO   c.e.e.f.R.RailwayTicketOfficeApplication - Started RailwayTicketOfficeApplication in 13.541 seconds (process running for 16.207)
24.05.2023 19:11:49.070 [http-nio-8080-exec-1] INFO   o.a.c.c.C.[.[.[/] - Initializing Spring DispatcherServlet 'dispatcherServlet'
24.05.2023 19:11:49.070 [http-nio-8080-exec-1] INFO   o.s.w.s.DispatcherServlet - Initializing Servlet 'dispatcherServlet'
24.05.2023 19:11:49.078 [http-nio-8080-exec-1] INFO   o.s.w.s.DispatcherServlet - Completed initialization in 8 ms
24.05.2023 19:11:49.182 [http-nio-8080-exec-1] INFO   c.e.e.f.R.c.MainController - Home page
24.05.2023 19:11:55.255 [http-nio-8080-exec-7] INFO   c.e.e.f.R.c.MainController - Home page
24.05.2023 19:11:56.895 [http-nio-8080-exec-4] INFO   c.e.e.f.R.c.MainController - Home page
24.05.2023 19:11:57.645 [http-nio-8080-exec-10] INFO   c.e.e.f.R.c.MainController - Home page
24.05.2023 19:12:01.857 [http-nio-8080-exec-10] INFO   c.e.e.f.R.c.MainController - Home page
24.05.2023 19:13:36.147 [http-nio-8080-exec-8] INFO   c.e.e.f.R.c.MainController - Home page
24.05.2023 19:13:46.903 [http-nio-8080-exec-8] INFO   c.e.e.f.R.c.MainController - Home page
24.05.2023 19:13:57.961 [http-nio-8080-exec-6] INFO   c.e.e.f.R.c.MainController - Home page
24.05.2023 19:17:56.706 [SpringApplicationShutdownHook] INFO   o.s.o.j.LocalContainerEntityManagerFactoryBean - Closing JPA EntityManagerFactory for persistence unit 'default'
24.05.2023 19:17:56.722 [SpringApplicationShutdownHook] INFO   c.z.h.HikariDataSource - HikariPool-1 - Shutdown initiated...
24.05.2023 19:17:56.737 [SpringApplicationShutdownHook] INFO   c.z.h.HikariDataSource - HikariPool-1 - Shutdown completed.
24.05.2023 19:18:07.380 [background-preinit] INFO   o.h.v.i.util.Version - HV000001: Hibernate Validator 8.0.0.Final
24.05.2023 19:18:07.496 [restartedMain] INFO   c.e.e.f.R.RailwayTicketOfficeApplication - Starting RailwayTicketOfficeApplication using Java 17.0.3.1 with PID 6080 (C:\Users\Полина\Documents\GitHub\Railway-ticket-office\target\classes started by Полина in C:\Users\Полина\Documents\GitHub\Railway-ticket-office)
24.05.2023 19:18:07.496 [restartedMain] INFO   c.e.e.f.R.RailwayTicketOfficeApplication - No active profile set, falling back to 1 default profile: "default"
24.05.2023 19:18:07.738 [restartedMain] INFO   o.s.b.d.e.DevToolsPropertyDefaultsPostProcessor - Devtools property defaults active! Set 'spring.devtools.add-properties' to 'false' to disable
24.05.2023 19:18:07.738 [restartedMain] INFO   o.s.b.d.e.DevToolsPropertyDefaultsPostProcessor - For additional web related logging consider setting the 'logging.level.web' property to 'DEBUG'
24.05.2023 19:18:09.981 [restartedMain] INFO   o.s.d.r.c.RepositoryConfigurationDelegate - Bootstrapping Spring Data JPA repositories in DEFAULT mode.
24.05.2023 19:18:10.214 [restartedMain] INFO   o.s.d.r.c.RepositoryConfigurationDelegate - Finished Spring Data repository scanning in 195 ms. Found 6 JPA repository interfaces.
24.05.2023 19:18:12.806 [restartedMain] INFO   o.s.b.w.e.t.TomcatWebServer - Tomcat initialized with port(s): 8080 (http)
24.05.2023 19:18:12.837 [restartedMain] INFO   o.a.c.h.Http11NioProtocol - Initializing ProtocolHandler ["http-nio-8080"]
24.05.2023 19:18:12.837 [restartedMain] INFO   o.a.c.c.StandardService - Starting service [Tomcat]
24.05.2023 19:18:12.837 [restartedMain] INFO   o.a.c.c.StandardEngine - Starting Servlet engine: [Apache Tomcat/10.1.7]
24.05.2023 19:18:13.000 [restartedMain] INFO   o.a.c.c.C.[.[.[/] - Initializing Spring embedded WebApplicationContext
24.05.2023 19:18:13.007 [restartedMain] INFO   o.s.b.w.s.c.ServletWebServerApplicationContext - Root WebApplicationContext: initialization completed in 5262 ms
24.05.2023 19:18:13.473 [restartedMain] INFO   o.h.j.i.u.LogHelper - HHH000204: Processing PersistenceUnitInfo [name: default]
24.05.2023 19:18:13.627 [restartedMain] INFO   o.hibernate.Version - HHH000412: Hibernate ORM core version 6.1.7.Final
24.05.2023 19:18:14.429 [restartedMain] INFO   c.z.h.HikariDataSource - HikariPool-1 - Starting...
24.05.2023 19:18:15.216 [restartedMain] INFO   c.z.h.p.HikariPool - HikariPool-1 - Added connection com.mysql.cj.jdbc.ConnectionImpl@1327d4a0
24.05.2023 19:18:15.232 [restartedMain] INFO   c.z.h.HikariDataSource - HikariPool-1 - Start completed.
24.05.2023 19:18:15.425 [restartedMain] INFO   SQL dialect - HHH000400: Using dialect: org.hibernate.dialect.MySQLDialect
24.05.2023 19:18:18.504 [restartedMain] INFO   o.h.e.t.j.p.i.JtaPlatformInitiator - HHH000490: Using JtaPlatform implementation: [org.hibernate.engine.transaction.jta.platform.internal.NoJtaPlatform]
24.05.2023 19:18:18.520 [restartedMain] INFO   o.s.o.j.LocalContainerEntityManagerFactoryBean - Initialized JPA EntityManagerFactory for persistence unit 'default'
24.05.2023 19:18:19.848 [restartedMain] WARN   o.s.b.a.o.j.JpaBaseConfiguration$JpaWebConfiguration - spring.jpa.open-in-view is enabled by default. Therefore, database queries may be performed during view rendering. Explicitly configure spring.jpa.open-in-view to disable this warning
24.05.2023 19:18:20.563 [restartedMain] INFO   o.s.s.w.DefaultSecurityFilterChain - Will secure any request with [org.springframework.security.web.session.DisableEncodeUrlFilter@379c651f, org.springframework.security.web.context.request.async.WebAsyncManagerIntegrationFilter@5f7851af, org.springframework.security.web.context.SecurityContextHolderFilter@1b363aec, org.springframework.security.web.header.HeaderWriterFilter@35527aff, org.springframework.security.web.authentication.logout.LogoutFilter@f67eee0, org.springframework.security.web.authentication.UsernamePasswordAuthenticationFilter@e0e4ba2, org.springframework.security.web.savedrequest.RequestCacheAwareFilter@7cf7ff75, org.springframework.security.web.servletapi.SecurityContextHolderAwareRequestFilter@7e6afb4c, org.springframework.security.web.authentication.AnonymousAuthenticationFilter@65182c1f, org.springframework.security.web.access.ExceptionTranslationFilter@205f26a1, org.springframework.security.web.access.intercept.AuthorizationFilter@cb28c80]
24.05.2023 19:18:21.102 [restartedMain] INFO   o.s.b.d.a.OptionalLiveReloadServer - LiveReload server is running on port 35729
24.05.2023 19:18:21.134 [restartedMain] INFO   o.a.c.h.Http11NioProtocol - Starting ProtocolHandler ["http-nio-8080"]
24.05.2023 19:18:21.182 [restartedMain] INFO   o.s.b.w.e.t.TomcatWebServer - Tomcat started on port(s): 8080 (http) with context path ''
24.05.2023 19:18:21.198 [restartedMain] INFO   c.e.e.f.R.RailwayTicketOfficeApplication - Started RailwayTicketOfficeApplication in 14.791 seconds (process running for 17.372)
24.05.2023 19:18:58.817 [http-nio-8080-exec-1] INFO   o.a.c.c.C.[.[.[/] - Initializing Spring DispatcherServlet 'dispatcherServlet'
24.05.2023 19:18:58.817 [http-nio-8080-exec-1] INFO   o.s.w.s.DispatcherServlet - Initializing Servlet 'dispatcherServlet'
24.05.2023 19:18:58.817 [http-nio-8080-exec-1] INFO   o.s.w.s.DispatcherServlet - Completed initialization in 0 ms
24.05.2023 19:18:58.929 [http-nio-8080-exec-1] INFO   c.e.e.f.R.c.MainController - Home page
24.05.2023 19:19:30.990 [http-nio-8080-exec-2] INFO   c.e.e.f.R.c.MainController - Home page
24.05.2023 19:23:33.106 [SpringApplicationShutdownHook] INFO   o.s.o.j.LocalContainerEntityManagerFactoryBean - Closing JPA EntityManagerFactory for persistence unit 'default'
24.05.2023 19:23:33.122 [SpringApplicationShutdownHook] INFO   c.z.h.HikariDataSource - HikariPool-1 - Shutdown initiated...
24.05.2023 19:23:33.141 [SpringApplicationShutdownHook] INFO   c.z.h.HikariDataSource - HikariPool-1 - Shutdown completed.
24.05.2023 19:23:42.905 [background-preinit] INFO   o.h.v.i.util.Version - HV000001: Hibernate Validator 8.0.0.Final
24.05.2023 19:23:43.011 [restartedMain] INFO   c.e.e.f.R.RailwayTicketOfficeApplication - Starting RailwayTicketOfficeApplication using Java 17.0.3.1 with PID 9724 (C:\Users\Полина\Documents\GitHub\Railway-ticket-office\target\classes started by Полина in C:\Users\Полина\Documents\GitHub\Railway-ticket-office)
24.05.2023 19:23:43.016 [restartedMain] INFO   c.e.e.f.R.RailwayTicketOfficeApplication - No active profile set, falling back to 1 default profile: "default"
24.05.2023 19:23:43.176 [restartedMain] INFO   o.s.b.d.e.DevToolsPropertyDefaultsPostProcessor - Devtools property defaults active! Set 'spring.devtools.add-properties' to 'false' to disable
24.05.2023 19:23:43.176 [restartedMain] INFO   o.s.b.d.e.DevToolsPropertyDefaultsPostProcessor - For additional web related logging consider setting the 'logging.level.web' property to 'DEBUG'
24.05.2023 19:23:45.290 [restartedMain] INFO   o.s.d.r.c.RepositoryConfigurationDelegate - Bootstrapping Spring Data JPA repositories in DEFAULT mode.
24.05.2023 19:23:45.542 [restartedMain] INFO   o.s.d.r.c.RepositoryConfigurationDelegate - Finished Spring Data repository scanning in 221 ms. Found 6 JPA repository interfaces.
24.05.2023 19:23:47.598 [restartedMain] INFO   o.s.b.w.e.t.TomcatWebServer - Tomcat initialized with port(s): 8080 (http)
24.05.2023 19:23:47.626 [restartedMain] INFO   o.a.c.h.Http11NioProtocol - Initializing ProtocolHandler ["http-nio-8080"]
24.05.2023 19:23:47.626 [restartedMain] INFO   o.a.c.c.StandardService - Starting service [Tomcat]
24.05.2023 19:23:47.626 [restartedMain] INFO   o.a.c.c.StandardEngine - Starting Servlet engine: [Apache Tomcat/10.1.7]
24.05.2023 19:23:47.809 [restartedMain] INFO   o.a.c.c.C.[.[.[/] - Initializing Spring embedded WebApplicationContext
24.05.2023 19:23:47.809 [restartedMain] INFO   o.s.b.w.s.c.ServletWebServerApplicationContext - Root WebApplicationContext: initialization completed in 4628 ms
24.05.2023 19:23:48.395 [restartedMain] INFO   o.h.j.i.u.LogHelper - HHH000204: Processing PersistenceUnitInfo [name: default]
24.05.2023 19:23:48.563 [restartedMain] INFO   o.hibernate.Version - HHH000412: Hibernate ORM core version 6.1.7.Final
24.05.2023 19:23:49.379 [restartedMain] INFO   c.z.h.HikariDataSource - HikariPool-1 - Starting...
24.05.2023 19:23:50.115 [restartedMain] INFO   c.z.h.p.HikariPool - HikariPool-1 - Added connection com.mysql.cj.jdbc.ConnectionImpl@1c551795
24.05.2023 19:23:50.123 [restartedMain] INFO   c.z.h.HikariDataSource - HikariPool-1 - Start completed.
24.05.2023 19:23:50.283 [restartedMain] INFO   SQL dialect - HHH000400: Using dialect: org.hibernate.dialect.MySQLDialect
24.05.2023 19:23:53.100 [restartedMain] INFO   o.h.e.t.j.p.i.JtaPlatformInitiator - HHH000490: Using JtaPlatform implementation: [org.hibernate.engine.transaction.jta.platform.internal.NoJtaPlatform]
24.05.2023 19:23:53.128 [restartedMain] INFO   o.s.o.j.LocalContainerEntityManagerFactoryBean - Initialized JPA EntityManagerFactory for persistence unit 'default'
24.05.2023 19:23:54.812 [restartedMain] WARN   o.s.b.a.o.j.JpaBaseConfiguration$JpaWebConfiguration - spring.jpa.open-in-view is enabled by default. Therefore, database queries may be performed during view rendering. Explicitly configure spring.jpa.open-in-view to disable this warning
24.05.2023 19:23:55.721 [restartedMain] INFO   o.s.s.w.DefaultSecurityFilterChain - Will secure any request with [org.springframework.security.web.session.DisableEncodeUrlFilter@d3ee01, org.springframework.security.web.context.request.async.WebAsyncManagerIntegrationFilter@5d3e95af, org.springframework.security.web.context.SecurityContextHolderFilter@39bb039a, org.springframework.security.web.header.HeaderWriterFilter@525cfc19, org.springframework.security.web.authentication.logout.LogoutFilter@33146cd1, org.springframework.security.web.authentication.UsernamePasswordAuthenticationFilter@591bcceb, org.springframework.security.web.savedrequest.RequestCacheAwareFilter@e0e4ba2, org.springframework.security.web.servletapi.SecurityContextHolderAwareRequestFilter@323b56fd, org.springframework.security.web.authentication.AnonymousAuthenticationFilter@5a456677, org.springframework.security.web.access.ExceptionTranslationFilter@1b69649c, org.springframework.security.web.access.intercept.AuthorizationFilter@aba36f]
24.05.2023 19:23:56.265 [restartedMain] INFO   o.s.b.d.a.OptionalLiveReloadServer - LiveReload server is running on port 35729
24.05.2023 19:23:56.301 [restartedMain] INFO   o.a.c.h.Http11NioProtocol - Starting ProtocolHandler ["http-nio-8080"]
24.05.2023 19:23:56.350 [restartedMain] INFO   o.s.b.w.e.t.TomcatWebServer - Tomcat started on port(s): 8080 (http) with context path ''
24.05.2023 19:23:56.381 [restartedMain] INFO   c.e.e.f.R.RailwayTicketOfficeApplication - Started RailwayTicketOfficeApplication in 14.295 seconds (process running for 17.015)
24.05.2023 19:23:59.164 [http-nio-8080-exec-2] INFO   o.a.c.c.C.[.[.[/] - Initializing Spring DispatcherServlet 'dispatcherServlet'
24.05.2023 19:23:59.172 [http-nio-8080-exec-2] INFO   o.s.w.s.DispatcherServlet - Initializing Servlet 'dispatcherServlet'
24.05.2023 19:23:59.172 [http-nio-8080-exec-2] INFO   o.s.w.s.DispatcherServlet - Completed initialization in 0 ms
24.05.2023 19:23:59.292 [http-nio-8080-exec-2] INFO   c.e.e.f.R.c.MainController - Home page
24.05.2023 19:24:06.013 [http-nio-8080-exec-10] INFO   c.e.e.f.R.c.MainController - Home page
24.05.2023 19:24:13.373 [http-nio-8080-exec-7] INFO   c.e.e.f.R.c.MainController - Home page
24.05.2023 19:25:42.726 [http-nio-8080-exec-1] INFO   c.e.e.f.R.c.MainController - Home page
24.05.2023 19:25:45.666 [http-nio-8080-exec-3] INFO   c.e.e.f.R.c.MyProfileController - MyProfileController: method 'getProfile'
24.05.2023 19:25:45.666 [http-nio-8080-exec-3] INFO   c.e.e.f.R.c.MyProfileController - MyProfileController: method 'getPageProfile'
24.05.2023 19:25:45.724 [http-nio-8080-exec-3] INFO   c.e.e.f.R.s.TicketService - TicketService: method 'findAllTicketsByDocument'
24.05.2023 19:25:48.087 [http-nio-8080-exec-4] INFO   c.e.e.f.R.c.MyProfileController - MyProfileController: method 'changeProfile'
24.05.2023 19:26:38.191 [http-nio-8080-exec-3] INFO   c.e.e.f.R.c.MyProfileController - MyProfileController: method 'getProfile'
24.05.2023 19:26:38.191 [http-nio-8080-exec-3] INFO   c.e.e.f.R.c.MyProfileController - MyProfileController: method 'getPageProfile'
24.05.2023 19:26:38.207 [http-nio-8080-exec-3] INFO   c.e.e.f.R.s.TicketService - TicketService: method 'findAllTicketsByDocument'
24.05.2023 19:27:39.926 [http-nio-8080-exec-10] INFO   c.e.e.f.R.c.MainController - Home page
24.05.2023 19:28:47.752 [http-nio-8080-exec-8] INFO   c.e.e.f.R.c.MainController - Home page
24.05.2023 19:28:55.764 [http-nio-8080-exec-8] INFO   c.e.e.f.R.c.MainController - Main controller: method 'getRegistration'
24.05.2023 19:30:06.401 [http-nio-8080-exec-7] INFO   c.e.e.f.R.c.MainController - Home page
24.05.2023 19:30:09.624 [http-nio-8080-exec-9] INFO   c.e.e.f.R.c.MainController - Main controller: method 'routes'
24.05.2023 19:30:09.624 [http-nio-8080-exec-9] INFO   c.e.e.f.R.c.MainController - Main controller: method 'routes/{from}/{to}/{pageNu}'
24.05.2023 19:30:09.624 [http-nio-8080-exec-9] INFO   c.e.e.f.R.s.StopService - StopService: method 'search'
24.05.2023 19:30:09.672 [http-nio-8080-exec-9] INFO   c.e.e.f.R.s.StopService - StopService: method 'calculateTime'
24.05.2023 19:30:09.672 [http-nio-8080-exec-9] INFO   c.e.e.f.R.s.StopService - StopService: method 'calculateTime'
24.05.2023 19:30:09.672 [http-nio-8080-exec-9] INFO   c.e.e.f.R.s.StopService - StopService: method 'calculateTime'
24.05.2023 19:30:09.672 [http-nio-8080-exec-9] INFO   c.e.e.f.R.s.StopService - StopService: method 'calculateTime'
24.05.2023 19:31:33.646 [http-nio-8080-exec-1] INFO   c.e.e.f.R.c.MainController - Main controller: method 'getRouteDetails'
24.05.2023 19:31:33.670 [http-nio-8080-exec-1] INFO   c.e.e.f.R.s.StopService - StopService: method 'check'
24.05.2023 19:31:33.710 [http-nio-8080-exec-1] INFO   c.e.e.f.R.s.StopService - StopService: method 'calculateTime'
24.05.2023 19:31:55.086 [http-nio-8080-exec-4] INFO   c.e.e.f.R.c.MainController - Home page
24.05.2023 19:32:08.427 [SpringApplicationShutdownHook] INFO   o.s.o.j.LocalContainerEntityManagerFactoryBean - Closing JPA EntityManagerFactory for persistence unit 'default'
24.05.2023 19:32:08.442 [SpringApplicationShutdownHook] INFO   c.z.h.HikariDataSource - HikariPool-1 - Shutdown initiated...
24.05.2023 19:32:08.473 [SpringApplicationShutdownHook] INFO   c.z.h.HikariDataSource - HikariPool-1 - Shutdown completed.
24.05.2023 19:32:15.450 [background-preinit] INFO   o.h.v.i.util.Version - HV000001: Hibernate Validator 8.0.0.Final
24.05.2023 19:32:15.597 [restartedMain] INFO   c.e.e.f.R.RailwayTicketOfficeApplication - Starting RailwayTicketOfficeApplication using Java 17.0.3.1 with PID 532 (C:\Users\Полина\Documents\GitHub\Railway-ticket-office\target\classes started by Полина in C:\Users\Полина\Documents\GitHub\Railway-ticket-office)
24.05.2023 19:32:15.597 [restartedMain] INFO   c.e.e.f.R.RailwayTicketOfficeApplication - No active profile set, falling back to 1 default profile: "default"
24.05.2023 19:32:15.757 [restartedMain] INFO   o.s.b.d.e.DevToolsPropertyDefaultsPostProcessor - Devtools property defaults active! Set 'spring.devtools.add-properties' to 'false' to disable
24.05.2023 19:32:15.765 [restartedMain] INFO   o.s.b.d.e.DevToolsPropertyDefaultsPostProcessor - For additional web related logging consider setting the 'logging.level.web' property to 'DEBUG'
24.05.2023 19:32:18.143 [restartedMain] INFO   o.s.d.r.c.RepositoryConfigurationDelegate - Bootstrapping Spring Data JPA repositories in DEFAULT mode.
24.05.2023 19:32:18.348 [restartedMain] INFO   o.s.d.r.c.RepositoryConfigurationDelegate - Finished Spring Data repository scanning in 179 ms. Found 6 JPA repository interfaces.
24.05.2023 19:32:20.332 [restartedMain] INFO   o.s.b.w.e.t.TomcatWebServer - Tomcat initialized with port(s): 8080 (http)
24.05.2023 19:32:20.356 [restartedMain] INFO   o.a.c.h.Http11NioProtocol - Initializing ProtocolHandler ["http-nio-8080"]
24.05.2023 19:32:20.356 [restartedMain] INFO   o.a.c.c.StandardService - Starting service [Tomcat]
24.05.2023 19:32:20.364 [restartedMain] INFO   o.a.c.c.StandardEngine - Starting Servlet engine: [Apache Tomcat/10.1.7]
24.05.2023 19:32:20.508 [restartedMain] INFO   o.a.c.c.C.[.[.[/] - Initializing Spring embedded WebApplicationContext
24.05.2023 19:32:20.508 [restartedMain] INFO   o.s.b.w.s.c.ServletWebServerApplicationContext - Root WebApplicationContext: initialization completed in 4743 ms
24.05.2023 19:32:20.927 [restartedMain] INFO   o.h.j.i.u.LogHelper - HHH000204: Processing PersistenceUnitInfo [name: default]
24.05.2023 19:32:21.031 [restartedMain] INFO   o.hibernate.Version - HHH000412: Hibernate ORM core version 6.1.7.Final
24.05.2023 19:32:21.649 [restartedMain] INFO   c.z.h.HikariDataSource - HikariPool-1 - Starting...
24.05.2023 19:32:22.320 [restartedMain] INFO   c.z.h.p.HikariPool - HikariPool-1 - Added connection com.mysql.cj.jdbc.ConnectionImpl@17370da0
24.05.2023 19:32:22.328 [restartedMain] INFO   c.z.h.HikariDataSource - HikariPool-1 - Start completed.
24.05.2023 19:32:22.450 [restartedMain] INFO   SQL dialect - HHH000400: Using dialect: org.hibernate.dialect.MySQLDialect
24.05.2023 19:32:24.865 [restartedMain] INFO   o.h.e.t.j.p.i.JtaPlatformInitiator - HHH000490: Using JtaPlatform implementation: [org.hibernate.engine.transaction.jta.platform.internal.NoJtaPlatform]
24.05.2023 19:32:24.889 [restartedMain] INFO   o.s.o.j.LocalContainerEntityManagerFactoryBean - Initialized JPA EntityManagerFactory for persistence unit 'default'
24.05.2023 19:32:26.382 [restartedMain] WARN   o.s.b.a.o.j.JpaBaseConfiguration$JpaWebConfiguration - spring.jpa.open-in-view is enabled by default. Therefore, database queries may be performed during view rendering. Explicitly configure spring.jpa.open-in-view to disable this warning
24.05.2023 19:32:27.157 [restartedMain] INFO   o.s.s.w.DefaultSecurityFilterChain - Will secure any request with [org.springframework.security.web.session.DisableEncodeUrlFilter@42ebc515, org.springframework.security.web.context.request.async.WebAsyncManagerIntegrationFilter@62dba220, org.springframework.security.web.context.SecurityContextHolderFilter@22adf4a0, org.springframework.security.web.header.HeaderWriterFilter@370cdf69, org.springframework.security.web.authentication.logout.LogoutFilter@65a2651e, org.springframework.security.web.authentication.UsernamePasswordAuthenticationFilter@20e2a973, org.springframework.security.web.savedrequest.RequestCacheAwareFilter@a2887d6, org.springframework.security.web.servletapi.SecurityContextHolderAwareRequestFilter@523bbe84, org.springframework.security.web.authentication.AnonymousAuthenticationFilter@769711b9, org.springframework.security.web.access.ExceptionTranslationFilter@32b30912, org.springframework.security.web.access.intercept.AuthorizationFilter@2f18447c]
24.05.2023 19:32:27.736 [restartedMain] INFO   o.s.b.d.a.OptionalLiveReloadServer - LiveReload server is running on port 35729
24.05.2023 19:32:27.768 [restartedMain] INFO   o.a.c.h.Http11NioProtocol - Starting ProtocolHandler ["http-nio-8080"]
24.05.2023 19:32:27.824 [restartedMain] INFO   o.s.b.w.e.t.TomcatWebServer - Tomcat started on port(s): 8080 (http) with context path ''
24.05.2023 19:32:27.848 [restartedMain] INFO   c.e.e.f.R.RailwayTicketOfficeApplication - Started RailwayTicketOfficeApplication in 13.467 seconds (process running for 15.845)
24.05.2023 19:32:45.020 [http-nio-8080-exec-1] INFO   o.a.c.c.C.[.[.[/] - Initializing Spring DispatcherServlet 'dispatcherServlet'
24.05.2023 19:32:45.020 [http-nio-8080-exec-1] INFO   o.s.w.s.DispatcherServlet - Initializing Servlet 'dispatcherServlet'
24.05.2023 19:32:45.028 [http-nio-8080-exec-1] INFO   o.s.w.s.DispatcherServlet - Completed initialization in 8 ms
24.05.2023 19:32:48.361 [http-nio-8080-exec-5] INFO   c.e.e.f.R.c.MainController - Main controller: method 'getRegistration'
24.05.2023 19:32:51.718 [http-nio-8080-exec-10] INFO   c.e.e.f.R.c.MainController - Main controller: method 'getRegistration'
24.05.2023 19:32:57.502 [http-nio-8080-exec-8] INFO   c.e.e.f.R.c.MainController - Main controller: method 'getRegistration'
24.05.2023 19:33:19.525 [http-nio-8080-exec-6] INFO   c.e.e.f.R.c.MainController - Home page
24.05.2023 19:33:20.867 [http-nio-8080-exec-10] INFO   c.e.e.f.R.c.MainController - Home page
24.05.2023 19:33:21.750 [http-nio-8080-exec-6] INFO   c.e.e.f.R.c.MainController - Home page
24.05.2023 19:33:40.095 [http-nio-8080-exec-7] INFO   c.e.e.f.R.c.MainController - Home page
24.05.2023 19:33:41.635 [http-nio-8080-exec-1] INFO   c.e.e.f.R.c.MyProfileController - MyProfileController: method 'getProfile'
24.05.2023 19:33:41.635 [http-nio-8080-exec-1] INFO   c.e.e.f.R.c.MyProfileController - MyProfileController: method 'getPageProfile'
24.05.2023 19:33:41.683 [http-nio-8080-exec-1] INFO   c.e.e.f.R.s.TicketService - TicketService: method 'findAllTicketsByDocument'
24.05.2023 19:33:42.971 [http-nio-8080-exec-7] INFO   c.e.e.f.R.c.MyProfileController - MyProfileController: method 'getProfile'
24.05.2023 19:33:42.971 [http-nio-8080-exec-7] INFO   c.e.e.f.R.c.MyProfileController - MyProfileController: method 'getPageProfile'
24.05.2023 19:33:42.981 [http-nio-8080-exec-7] INFO   c.e.e.f.R.s.TicketService - TicketService: method 'findAllTicketsByDocument'
24.05.2023 19:33:43.987 [http-nio-8080-exec-8] INFO   c.e.e.f.R.c.MyProfileController - MyProfileController: method 'getProfile'
24.05.2023 19:33:43.987 [http-nio-8080-exec-8] INFO   c.e.e.f.R.c.MyProfileController - MyProfileController: method 'getPageProfile'
24.05.2023 19:33:44.003 [http-nio-8080-exec-8] INFO   c.e.e.f.R.s.TicketService - TicketService: method 'findAllTicketsByDocument'
24.05.2023 19:33:44.822 [http-nio-8080-exec-9] INFO   c.e.e.f.R.c.MyProfileController - MyProfileController: method 'getProfile'
24.05.2023 19:33:44.822 [http-nio-8080-exec-9] INFO   c.e.e.f.R.c.MyProfileController - MyProfileController: method 'getPageProfile'
24.05.2023 19:33:44.838 [http-nio-8080-exec-9] INFO   c.e.e.f.R.s.TicketService - TicketService: method 'findAllTicketsByDocument'
24.05.2023 19:33:47.183 [http-nio-8080-exec-1] INFO   c.e.e.f.R.c.MyProfileController - MyProfileController: method 'getProfile'
24.05.2023 19:33:47.183 [http-nio-8080-exec-1] INFO   c.e.e.f.R.c.MyProfileController - MyProfileController: method 'getPageProfile'
24.05.2023 19:33:47.199 [http-nio-8080-exec-1] INFO   c.e.e.f.R.s.TicketService - TicketService: method 'findAllTicketsByDocument'
24.05.2023 19:33:47.835 [http-nio-8080-exec-7] INFO   c.e.e.f.R.c.MyProfileController - MyProfileController: method 'getProfile'
24.05.2023 19:33:47.835 [http-nio-8080-exec-7] INFO   c.e.e.f.R.c.MyProfileController - MyProfileController: method 'getPageProfile'
24.05.2023 19:33:47.851 [http-nio-8080-exec-7] INFO   c.e.e.f.R.s.TicketService - TicketService: method 'findAllTicketsByDocument'
24.05.2023 19:33:49.973 [http-nio-8080-exec-8] INFO   c.e.e.f.R.c.MyProfileController - MyProfileController: method 'getProfile'
24.05.2023 19:33:49.973 [http-nio-8080-exec-8] INFO   c.e.e.f.R.c.MyProfileController - MyProfileController: method 'getPageProfile'
24.05.2023 19:33:49.989 [http-nio-8080-exec-8] INFO   c.e.e.f.R.s.TicketService - TicketService: method 'findAllTicketsByDocument'
24.05.2023 19:33:55.806 [http-nio-8080-exec-3] INFO   c.e.e.f.R.c.MyProfileController - MyProfileController: method 'changeProfile'
24.05.2023 19:33:57.459 [http-nio-8080-exec-7] INFO   c.e.e.f.R.c.MyProfileController - MyProfileController: method 'changeProfile'
24.05.2023 19:34:03.419 [http-nio-8080-exec-6] INFO   c.e.e.f.R.c.MyProfileController - MyProfileController: method 'changeProfile'
24.05.2023 19:34:06.119 [http-nio-8080-exec-3] INFO   c.e.e.f.R.c.MainController - Home page
24.05.2023 19:34:08.143 [http-nio-8080-exec-9] INFO   c.e.e.f.R.c.MainController - Home page
24.05.2023 19:34:10.096 [http-nio-8080-exec-7] INFO   c.e.e.f.R.c.MainController - Home page
24.05.2023 19:34:16.093 [http-nio-8080-exec-5] INFO   c.e.e.f.R.c.MainController - Main controller: method 'routes'
24.05.2023 19:34:16.093 [http-nio-8080-exec-5] INFO   c.e.e.f.R.c.MainController - Main controller: method 'routes/{from}/{to}/{pageNu}'
24.05.2023 19:34:16.093 [http-nio-8080-exec-5] INFO   c.e.e.f.R.s.StopService - StopService: method 'search'
24.05.2023 19:34:16.149 [http-nio-8080-exec-5] INFO   c.e.e.f.R.s.StopService - StopService: method 'calculateTime'
24.05.2023 19:34:16.149 [http-nio-8080-exec-5] INFO   c.e.e.f.R.s.StopService - StopService: method 'calculateTime'
24.05.2023 19:34:16.149 [http-nio-8080-exec-5] INFO   c.e.e.f.R.s.StopService - StopService: method 'calculateTime'
24.05.2023 19:34:16.149 [http-nio-8080-exec-5] INFO   c.e.e.f.R.s.StopService - StopService: method 'calculateTime'
24.05.2023 19:34:16.940 [http-nio-8080-exec-6] INFO   c.e.e.f.R.c.MainController - Home page
24.05.2023 19:34:19.634 [http-nio-8080-exec-8] INFO   c.e.e.f.R.c.MainController - Home page
24.05.2023 19:34:30.854 [http-nio-8080-exec-9] INFO   c.e.e.f.R.c.MainController - Home page
24.05.2023 19:34:32.484 [http-nio-8080-exec-4] INFO   c.e.e.f.R.c.MainController - Home page
24.05.2023 19:34:35.799 [http-nio-8080-exec-2] INFO   c.e.e.f.R.c.MainController - Home page
24.05.2023 19:34:36.870 [http-nio-8080-exec-5] INFO   c.e.e.f.R.c.MainController - Home page
24.05.2023 19:36:24.515 [http-nio-8080-exec-5] INFO   c.e.e.f.R.c.MainController - Main controller: method 'getRegistration'
24.05.2023 19:36:29.926 [http-nio-8080-exec-9] INFO   c.e.e.f.R.c.MainController - Main controller: method 'getRegistration'
24.05.2023 19:36:41.042 [http-nio-8080-exec-6] INFO   c.e.e.f.R.c.MainController - Main controller: method 'getRegistration'
24.05.2023 19:37:08.458 [http-nio-8080-exec-7] INFO   c.e.e.f.R.c.MainController - Main controller: method 'getRegistration'
24.05.2023 19:37:31.552 [SpringApplicationShutdownHook] INFO   o.s.o.j.LocalContainerEntityManagerFactoryBean - Closing JPA EntityManagerFactory for persistence unit 'default'
24.05.2023 19:37:31.552 [SpringApplicationShutdownHook] INFO   c.z.h.HikariDataSource - HikariPool-1 - Shutdown initiated...
24.05.2023 19:37:31.583 [SpringApplicationShutdownHook] INFO   c.z.h.HikariDataSource - HikariPool-1 - Shutdown completed.
24.05.2023 19:37:37.181 [background-preinit] INFO   o.h.v.i.util.Version - HV000001: Hibernate Validator 8.0.0.Final
24.05.2023 19:37:37.287 [restartedMain] INFO   c.e.e.f.R.RailwayTicketOfficeApplication - Starting RailwayTicketOfficeApplication using Java 17.0.3.1 with PID 11480 (C:\Users\Полина\Documents\GitHub\Railway-ticket-office\target\classes started by Полина in C:\Users\Полина\Documents\GitHub\Railway-ticket-office)
24.05.2023 19:37:37.303 [restartedMain] INFO   c.e.e.f.R.RailwayTicketOfficeApplication - No active profile set, falling back to 1 default profile: "default"
24.05.2023 19:37:37.426 [restartedMain] INFO   o.s.b.d.e.DevToolsPropertyDefaultsPostProcessor - Devtools property defaults active! Set 'spring.devtools.add-properties' to 'false' to disable
24.05.2023 19:37:37.426 [restartedMain] INFO   o.s.b.d.e.DevToolsPropertyDefaultsPostProcessor - For additional web related logging consider setting the 'logging.level.web' property to 'DEBUG'
24.05.2023 19:37:39.486 [restartedMain] INFO   o.s.d.r.c.RepositoryConfigurationDelegate - Bootstrapping Spring Data JPA repositories in DEFAULT mode.
24.05.2023 19:37:39.687 [restartedMain] INFO   o.s.d.r.c.RepositoryConfigurationDelegate - Finished Spring Data repository scanning in 184 ms. Found 6 JPA repository interfaces.
24.05.2023 19:37:41.642 [restartedMain] INFO   o.s.b.w.e.t.TomcatWebServer - Tomcat initialized with port(s): 8080 (http)
24.05.2023 19:37:41.658 [restartedMain] INFO   o.a.c.h.Http11NioProtocol - Initializing ProtocolHandler ["http-nio-8080"]
24.05.2023 19:37:41.673 [restartedMain] INFO   o.a.c.c.StandardService - Starting service [Tomcat]
24.05.2023 19:37:41.673 [restartedMain] INFO   o.a.c.c.StandardEngine - Starting Servlet engine: [Apache Tomcat/10.1.7]
24.05.2023 19:37:41.843 [restartedMain] INFO   o.a.c.c.C.[.[.[/] - Initializing Spring embedded WebApplicationContext
24.05.2023 19:37:41.843 [restartedMain] INFO   o.s.b.w.s.c.ServletWebServerApplicationContext - Root WebApplicationContext: initialization completed in 4413 ms
24.05.2023 19:37:42.329 [restartedMain] INFO   o.h.j.i.u.LogHelper - HHH000204: Processing PersistenceUnitInfo [name: default]
24.05.2023 19:37:42.445 [restartedMain] INFO   o.hibernate.Version - HHH000412: Hibernate ORM core version 6.1.7.Final
24.05.2023 19:37:43.162 [restartedMain] INFO   c.z.h.HikariDataSource - HikariPool-1 - Starting...
24.05.2023 19:37:43.833 [restartedMain] INFO   c.z.h.p.HikariPool - HikariPool-1 - Added connection com.mysql.cj.jdbc.ConnectionImpl@52950bd2
24.05.2023 19:37:43.849 [restartedMain] INFO   c.z.h.HikariDataSource - HikariPool-1 - Start completed.
24.05.2023 19:37:44.003 [restartedMain] INFO   SQL dialect - HHH000400: Using dialect: org.hibernate.dialect.MySQLDialect
24.05.2023 19:37:46.410 [restartedMain] INFO   o.h.e.t.j.p.i.JtaPlatformInitiator - HHH000490: Using JtaPlatform implementation: [org.hibernate.engine.transaction.jta.platform.internal.NoJtaPlatform]
24.05.2023 19:37:46.441 [restartedMain] INFO   o.s.o.j.LocalContainerEntityManagerFactoryBean - Initialized JPA EntityManagerFactory for persistence unit 'default'
24.05.2023 19:37:48.084 [restartedMain] WARN   o.s.b.a.o.j.JpaBaseConfiguration$JpaWebConfiguration - spring.jpa.open-in-view is enabled by default. Therefore, database queries may be performed during view rendering. Explicitly configure spring.jpa.open-in-view to disable this warning
24.05.2023 19:37:49.034 [restartedMain] INFO   o.s.s.w.DefaultSecurityFilterChain - Will secure any request with [org.springframework.security.web.session.DisableEncodeUrlFilter@61440c16, org.springframework.security.web.context.request.async.WebAsyncManagerIntegrationFilter@4028e7d7, org.springframework.security.web.context.SecurityContextHolderFilter@10b28355, org.springframework.security.web.header.HeaderWriterFilter@6a7e21c7, org.springframework.security.web.authentication.logout.LogoutFilter@2a456f44, org.springframework.security.web.authentication.UsernamePasswordAuthenticationFilter@f2185f9, org.springframework.security.web.savedrequest.RequestCacheAwareFilter@17493647, org.springframework.security.web.servletapi.SecurityContextHolderAwareRequestFilter@e2d3560, org.springframework.security.web.authentication.AnonymousAuthenticationFilter@4dad567b, org.springframework.security.web.access.ExceptionTranslationFilter@78340cfe, org.springframework.security.web.access.intercept.AuthorizationFilter@44711e15]
24.05.2023 19:37:49.667 [restartedMain] INFO   o.s.b.d.a.OptionalLiveReloadServer - LiveReload server is running on port 35729
24.05.2023 19:37:49.704 [restartedMain] INFO   o.a.c.h.Http11NioProtocol - Starting ProtocolHandler ["http-nio-8080"]
24.05.2023 19:37:49.767 [restartedMain] INFO   o.s.b.w.e.t.TomcatWebServer - Tomcat started on port(s): 8080 (http) with context path ''
24.05.2023 19:37:49.783 [restartedMain] INFO   c.e.e.f.R.RailwayTicketOfficeApplication - Started RailwayTicketOfficeApplication in 13.35 seconds (process running for 15.163)
24.05.2023 19:37:53.381 [http-nio-8080-exec-1] INFO   o.a.c.c.C.[.[.[/] - Initializing Spring DispatcherServlet 'dispatcherServlet'
24.05.2023 19:37:53.389 [http-nio-8080-exec-1] INFO   o.s.w.s.DispatcherServlet - Initializing Servlet 'dispatcherServlet'
24.05.2023 19:37:53.389 [http-nio-8080-exec-1] INFO   o.s.w.s.DispatcherServlet - Completed initialization in 0 ms
24.05.2023 19:37:53.485 [http-nio-8080-exec-1] INFO   c.e.e.f.R.c.MainController - Home page
24.05.2023 19:37:57.971 [http-nio-8080-exec-4] INFO   c.e.e.f.R.c.MainController - Home page
24.05.2023 19:38:00.444 [http-nio-8080-exec-1] INFO   c.e.e.f.R.c.MainController - Main controller: method 'getRegistration'
24.05.2023 19:38:02.917 [http-nio-8080-exec-3] INFO   c.e.e.f.R.c.MainController - Main controller: method 'getRegistration'
24.05.2023 19:38:07.746 [http-nio-8080-exec-1] INFO   c.e.e.f.R.c.MainController - Main controller: method 'getRegistration'
24.05.2023 19:38:10.835 [http-nio-8080-exec-4] INFO   c.e.e.f.R.c.MainController - Main controller: method 'getRegistration'
24.05.2023 19:38:27.895 [http-nio-8080-exec-10] INFO   c.e.e.f.R.c.MainController - Home page
24.05.2023 19:39:54.549 [http-nio-8080-exec-5] INFO   c.e.e.f.R.c.MainController - Home page
24.05.2023 19:40:56.708 [http-nio-8080-exec-2] INFO   c.e.e.f.R.c.MainController - Home page
24.05.2023 19:44:22.970 [SpringApplicationShutdownHook] INFO   o.s.o.j.LocalContainerEntityManagerFactoryBean - Closing JPA EntityManagerFactory for persistence unit 'default'
24.05.2023 19:44:22.986 [SpringApplicationShutdownHook] INFO   c.z.h.HikariDataSource - HikariPool-1 - Shutdown initiated...
24.05.2023 19:44:23.007 [SpringApplicationShutdownHook] INFO   c.z.h.HikariDataSource - HikariPool-1 - Shutdown completed.
24.05.2023 19:44:30.062 [background-preinit] INFO   o.h.v.i.util.Version - HV000001: Hibernate Validator 8.0.0.Final
24.05.2023 19:44:30.193 [restartedMain] INFO   c.e.e.f.R.RailwayTicketOfficeApplication - Starting RailwayTicketOfficeApplication using Java 17.0.3.1 with PID 4432 (C:\Users\Полина\Documents\GitHub\Railway-ticket-office\target\classes started by Полина in C:\Users\Полина\Documents\GitHub\Railway-ticket-office)
24.05.2023 19:44:30.208 [restartedMain] INFO   c.e.e.f.R.RailwayTicketOfficeApplication - No active profile set, falling back to 1 default profile: "default"
24.05.2023 19:44:30.359 [restartedMain] INFO   o.s.b.d.e.DevToolsPropertyDefaultsPostProcessor - Devtools property defaults active! Set 'spring.devtools.add-properties' to 'false' to disable
24.05.2023 19:44:30.359 [restartedMain] INFO   o.s.b.d.e.DevToolsPropertyDefaultsPostProcessor - For additional web related logging consider setting the 'logging.level.web' property to 'DEBUG'
24.05.2023 19:44:32.712 [restartedMain] INFO   o.s.d.r.c.RepositoryConfigurationDelegate - Bootstrapping Spring Data JPA repositories in DEFAULT mode.
24.05.2023 19:44:33.120 [restartedMain] INFO   o.s.d.r.c.RepositoryConfigurationDelegate - Finished Spring Data repository scanning in 396 ms. Found 6 JPA repository interfaces.
24.05.2023 19:44:37.382 [restartedMain] INFO   o.s.b.w.e.t.TomcatWebServer - Tomcat initialized with port(s): 8080 (http)
24.05.2023 19:44:37.419 [restartedMain] INFO   o.a.c.h.Http11NioProtocol - Initializing ProtocolHandler ["http-nio-8080"]
24.05.2023 19:44:37.419 [restartedMain] INFO   o.a.c.c.StandardService - Starting service [Tomcat]
24.05.2023 19:44:37.419 [restartedMain] INFO   o.a.c.c.StandardEngine - Starting Servlet engine: [Apache Tomcat/10.1.7]
24.05.2023 19:44:37.607 [restartedMain] INFO   o.a.c.c.C.[.[.[/] - Initializing Spring embedded WebApplicationContext
24.05.2023 19:44:37.607 [restartedMain] INFO   o.s.b.w.s.c.ServletWebServerApplicationContext - Root WebApplicationContext: initialization completed in 7248 ms
24.05.2023 19:44:38.122 [restartedMain] INFO   o.h.j.i.u.LogHelper - HHH000204: Processing PersistenceUnitInfo [name: default]
24.05.2023 19:44:38.228 [restartedMain] INFO   o.hibernate.Version - HHH000412: Hibernate ORM core version 6.1.7.Final
24.05.2023 19:44:38.931 [restartedMain] INFO   c.z.h.HikariDataSource - HikariPool-1 - Starting...
24.05.2023 19:44:39.633 [restartedMain] INFO   c.z.h.p.HikariPool - HikariPool-1 - Added connection com.mysql.cj.jdbc.ConnectionImpl@4bb6a1ca
24.05.2023 19:44:39.633 [restartedMain] INFO   c.z.h.HikariDataSource - HikariPool-1 - Start completed.
24.05.2023 19:44:39.805 [restartedMain] INFO   SQL dialect - HHH000400: Using dialect: org.hibernate.dialect.MySQLDialect
24.05.2023 19:44:42.142 [restartedMain] INFO   o.h.e.t.j.p.i.JtaPlatformInitiator - HHH000490: Using JtaPlatform implementation: [org.hibernate.engine.transaction.jta.platform.internal.NoJtaPlatform]
24.05.2023 19:44:42.158 [restartedMain] INFO   o.s.o.j.LocalContainerEntityManagerFactoryBean - Initialized JPA EntityManagerFactory for persistence unit 'default'
24.05.2023 19:44:43.409 [restartedMain] WARN   o.s.b.a.o.j.JpaBaseConfiguration$JpaWebConfiguration - spring.jpa.open-in-view is enabled by default. Therefore, database queries may be performed during view rendering. Explicitly configure spring.jpa.open-in-view to disable this warning
24.05.2023 19:44:44.133 [restartedMain] INFO   o.s.s.w.DefaultSecurityFilterChain - Will secure any request with [org.springframework.security.web.session.DisableEncodeUrlFilter@e0e4ba2, org.springframework.security.web.context.request.async.WebAsyncManagerIntegrationFilter@323b56fd, org.springframework.security.web.context.SecurityContextHolderFilter@2b4d4dd5, org.springframework.security.web.header.HeaderWriterFilter@205f26a1, org.springframework.security.web.authentication.logout.LogoutFilter@4e14e174, org.springframework.security.web.authentication.UsernamePasswordAuthenticationFilter@39bb039a, org.springframework.security.web.savedrequest.RequestCacheAwareFilter@1b363aec, org.springframework.security.web.servletapi.SecurityContextHolderAwareRequestFilter@3d953ef7, org.springframework.security.web.authentication.AnonymousAuthenticationFilter@537d34f3, org.springframework.security.web.access.ExceptionTranslationFilter@611aea71, org.springframework.security.web.access.intercept.AuthorizationFilter@32e1cd0b]
24.05.2023 19:44:44.713 [restartedMain] INFO   o.s.b.d.a.OptionalLiveReloadServer - LiveReload server is running on port 35729
24.05.2023 19:44:44.750 [restartedMain] INFO   o.a.c.h.Http11NioProtocol - Starting ProtocolHandler ["http-nio-8080"]
24.05.2023 19:44:44.804 [restartedMain] INFO   o.s.b.w.e.t.TomcatWebServer - Tomcat started on port(s): 8080 (http) with context path ''
24.05.2023 19:44:44.820 [restartedMain] INFO   c.e.e.f.R.RailwayTicketOfficeApplication - Started RailwayTicketOfficeApplication in 15.593 seconds (process running for 17.772)
24.05.2023 19:44:56.926 [http-nio-8080-exec-2] INFO   o.a.c.c.C.[.[.[/] - Initializing Spring DispatcherServlet 'dispatcherServlet'
24.05.2023 19:44:56.926 [http-nio-8080-exec-2] INFO   o.s.w.s.DispatcherServlet - Initializing Servlet 'dispatcherServlet'
24.05.2023 19:44:56.926 [http-nio-8080-exec-2] INFO   o.s.w.s.DispatcherServlet - Completed initialization in 0 ms
24.05.2023 19:45:00.143 [http-nio-8080-exec-5] INFO   c.e.e.f.R.c.AdminContactsController - AdminContactsController: method 'getContacts'
24.05.2023 19:45:03.833 [http-nio-8080-exec-6] INFO   c.e.e.f.R.c.AdminContactsController - AdminContactsController: method 'getContacts'
24.05.2023 19:45:08.259 [http-nio-8080-exec-7] INFO   c.e.e.f.R.c.AdminRoutesController - AdminRoutesController: method 'getStations'
24.05.2023 19:45:12.030 [http-nio-8080-exec-8] INFO   c.e.e.f.R.c.AdminRoutesController - AdminRoutesController: method 'getStations'
24.05.2023 19:45:30.795 [http-nio-8080-exec-10] INFO   c.e.e.f.R.c.AdminRoutesController - AdminRoutesController: method 'getRoutes'
24.05.2023 19:45:51.287 [http-nio-8080-exec-7] INFO   c.e.e.f.R.c.AdminContactsController - AdminContactsController: method 'getContacts'
24.05.2023 19:46:12.133 [http-nio-8080-exec-9] INFO   c.e.e.f.R.c.AdminController - AdminController: method 'findAllUsers'
24.05.2023 19:46:12.133 [http-nio-8080-exec-9] INFO   c.e.e.f.R.s.UserService - UserService: method 'findAllUsers'
24.05.2023 19:46:36.333 [http-nio-8080-exec-2] INFO   c.e.e.f.R.c.AdminRoutesController - AdminRoutesController: method 'getStations'
24.05.2023 19:46:39.027 [http-nio-8080-exec-1] INFO   c.e.e.f.R.c.AdminController - AdminController: method 'findAllUsers'
24.05.2023 19:46:39.027 [http-nio-8080-exec-1] INFO   c.e.e.f.R.s.UserService - UserService: method 'findAllUsers'
24.05.2023 19:46:41.140 [http-nio-8080-exec-7] INFO   c.e.e.f.R.c.AdminRoutesController - AdminRoutesController: method 'getStations'
24.05.2023 19:47:00.004 [http-nio-8080-exec-2] INFO   c.e.e.f.R.c.AdminRoutesController - AdminRoutesController: method 'getRoutes'
24.05.2023 19:47:26.877 [http-nio-8080-exec-10] INFO   c.e.e.f.R.c.AdminRoutesController - AdminRoutesController: method 'checkRoutes'
24.05.2023 19:47:26.877 [http-nio-8080-exec-10] INFO   c.e.e.f.R.c.AdminRoutesController - AdminRoutesController: method 'checkRoute'
24.05.2023 19:47:26.877 [http-nio-8080-exec-10] INFO   c.e.e.f.R.s.StopService - StopService: method 'findAllStops'
24.05.2023 19:49:08.368 [http-nio-8080-exec-8] INFO   c.e.e.f.R.c.AdminRoutesController - AdminRoutesController: method 'checkRoutes'
24.05.2023 19:49:08.368 [http-nio-8080-exec-8] INFO   c.e.e.f.R.c.AdminRoutesController - AdminRoutesController: method 'checkRoute'
24.05.2023 19:49:08.368 [http-nio-8080-exec-8] INFO   c.e.e.f.R.s.StopService - StopService: method 'findAllStops'
24.05.2023 19:49:13.134 [http-nio-8080-exec-10] INFO   c.e.e.f.R.c.AdminRoutesController - AdminRoutesController: method 'getRoutes'
24.05.2023 19:49:32.235 [http-nio-8080-exec-8] INFO   c.e.e.f.R.c.AdminRoutesController - AdminRoutesController: method 'getRoutes'
24.05.2023 19:51:53.596 [http-nio-8080-exec-6] INFO   c.e.e.f.R.c.AdminController - AdminController: method 'getStatements'
24.05.2023 19:51:53.604 [http-nio-8080-exec-6] INFO   c.e.e.f.R.c.AdminController - AdminController: method 'findAllStatements'
24.05.2023 19:51:53.604 [http-nio-8080-exec-6] INFO   c.e.e.f.R.s.MessageService - findAllTickets: method 'findAllUsers'
24.05.2023 19:52:26.026 [SpringApplicationShutdownHook] INFO   o.s.o.j.LocalContainerEntityManagerFactoryBean - Closing JPA EntityManagerFactory for persistence unit 'default'
24.05.2023 19:52:26.042 [SpringApplicationShutdownHook] INFO   c.z.h.HikariDataSource - HikariPool-1 - Shutdown initiated...
24.05.2023 19:52:26.073 [SpringApplicationShutdownHook] INFO   c.z.h.HikariDataSource - HikariPool-1 - Shutdown completed.
24.05.2023 19:52:31.564 [background-preinit] INFO   o.h.v.i.util.Version - HV000001: Hibernate Validator 8.0.0.Final
24.05.2023 19:52:31.647 [restartedMain] INFO   c.e.e.f.R.RailwayTicketOfficeApplication - Starting RailwayTicketOfficeApplication using Java 17.0.3.1 with PID 11532 (C:\Users\Полина\Documents\GitHub\Railway-ticket-office\target\classes started by Полина in C:\Users\Полина\Documents\GitHub\Railway-ticket-office)
24.05.2023 19:52:31.647 [restartedMain] INFO   c.e.e.f.R.RailwayTicketOfficeApplication - No active profile set, falling back to 1 default profile: "default"
24.05.2023 19:52:31.778 [restartedMain] INFO   o.s.b.d.e.DevToolsPropertyDefaultsPostProcessor - Devtools property defaults active! Set 'spring.devtools.add-properties' to 'false' to disable
24.05.2023 19:52:31.778 [restartedMain] INFO   o.s.b.d.e.DevToolsPropertyDefaultsPostProcessor - For additional web related logging consider setting the 'logging.level.web' property to 'DEBUG'
24.05.2023 19:52:33.753 [restartedMain] INFO   o.s.d.r.c.RepositoryConfigurationDelegate - Bootstrapping Spring Data JPA repositories in DEFAULT mode.
24.05.2023 19:52:33.968 [restartedMain] INFO   o.s.d.r.c.RepositoryConfigurationDelegate - Finished Spring Data repository scanning in 195 ms. Found 6 JPA repository interfaces.
24.05.2023 19:52:35.905 [restartedMain] INFO   o.s.b.w.e.t.TomcatWebServer - Tomcat initialized with port(s): 8080 (http)
24.05.2023 19:52:35.929 [restartedMain] INFO   o.a.c.h.Http11NioProtocol - Initializing ProtocolHandler ["http-nio-8080"]
24.05.2023 19:52:35.929 [restartedMain] INFO   o.a.c.c.StandardService - Starting service [Tomcat]
24.05.2023 19:52:35.929 [restartedMain] INFO   o.a.c.c.StandardEngine - Starting Servlet engine: [Apache Tomcat/10.1.7]
24.05.2023 19:52:36.090 [restartedMain] INFO   o.a.c.c.C.[.[.[/] - Initializing Spring embedded WebApplicationContext
24.05.2023 19:52:36.090 [restartedMain] INFO   o.s.b.w.s.c.ServletWebServerApplicationContext - Root WebApplicationContext: initialization completed in 4312 ms
24.05.2023 19:52:36.560 [restartedMain] INFO   o.h.j.i.u.LogHelper - HHH000204: Processing PersistenceUnitInfo [name: default]
24.05.2023 19:52:36.676 [restartedMain] INFO   o.hibernate.Version - HHH000412: Hibernate ORM core version 6.1.7.Final
24.05.2023 19:52:37.377 [restartedMain] INFO   c.z.h.HikariDataSource - HikariPool-1 - Starting...
24.05.2023 19:52:38.114 [restartedMain] INFO   c.z.h.p.HikariPool - HikariPool-1 - Added connection com.mysql.cj.jdbc.ConnectionImpl@34dc3c7f
24.05.2023 19:52:38.114 [restartedMain] INFO   c.z.h.HikariDataSource - HikariPool-1 - Start completed.
24.05.2023 19:52:38.263 [restartedMain] INFO   SQL dialect - HHH000400: Using dialect: org.hibernate.dialect.MySQLDialect
24.05.2023 19:52:40.768 [restartedMain] INFO   o.h.e.t.j.p.i.JtaPlatformInitiator - HHH000490: Using JtaPlatform implementation: [org.hibernate.engine.transaction.jta.platform.internal.NoJtaPlatform]
24.05.2023 19:52:40.800 [restartedMain] INFO   o.s.o.j.LocalContainerEntityManagerFactoryBean - Initialized JPA EntityManagerFactory for persistence unit 'default'
24.05.2023 19:52:42.087 [restartedMain] WARN   o.s.b.a.o.j.JpaBaseConfiguration$JpaWebConfiguration - spring.jpa.open-in-view is enabled by default. Therefore, database queries may be performed during view rendering. Explicitly configure spring.jpa.open-in-view to disable this warning
24.05.2023 19:52:42.867 [restartedMain] INFO   o.s.s.w.DefaultSecurityFilterChain - Will secure any request with [org.springframework.security.web.session.DisableEncodeUrlFilter@11218add, org.springframework.security.web.context.request.async.WebAsyncManagerIntegrationFilter@31656b38, org.springframework.security.web.context.SecurityContextHolderFilter@866296d, org.springframework.security.web.header.HeaderWriterFilter@2a456f44, org.springframework.security.web.authentication.logout.LogoutFilter@7296e48a, org.springframework.security.web.authentication.UsernamePasswordAuthenticationFilter@673da17b, org.springframework.security.web.savedrequest.RequestCacheAwareFilter@639283f5, org.springframework.security.web.servletapi.SecurityContextHolderAwareRequestFilter@7d657d95, org.springframework.security.web.authentication.AnonymousAuthenticationFilter@3bd92216, org.springframework.security.web.access.ExceptionTranslationFilter@46111b12, org.springframework.security.web.access.intercept.AuthorizationFilter@55deb746]
24.05.2023 19:52:43.506 [restartedMain] INFO   o.s.b.d.a.OptionalLiveReloadServer - LiveReload server is running on port 35729
24.05.2023 19:52:43.538 [restartedMain] INFO   o.a.c.h.Http11NioProtocol - Starting ProtocolHandler ["http-nio-8080"]
24.05.2023 19:52:43.591 [restartedMain] INFO   o.s.b.w.e.t.TomcatWebServer - Tomcat started on port(s): 8080 (http) with context path ''
24.05.2023 19:52:43.607 [restartedMain] INFO   c.e.e.f.R.RailwayTicketOfficeApplication - Started RailwayTicketOfficeApplication in 12.79 seconds (process running for 14.583)
24.05.2023 19:52:48.722 [http-nio-8080-exec-1] INFO   o.a.c.c.C.[.[.[/] - Initializing Spring DispatcherServlet 'dispatcherServlet'
24.05.2023 19:52:48.722 [http-nio-8080-exec-1] INFO   o.s.w.s.DispatcherServlet - Initializing Servlet 'dispatcherServlet'
24.05.2023 19:52:48.730 [http-nio-8080-exec-1] INFO   o.s.w.s.DispatcherServlet - Completed initialization in 8 ms
24.05.2023 19:52:51.433 [http-nio-8080-exec-1] INFO   c.e.e.f.R.c.AdminRoutesController - AdminRoutesController: method 'getRoutes'
24.05.2023 19:52:53.213 [http-nio-8080-exec-8] INFO   c.e.e.f.R.c.AdminRoutesController - AdminRoutesController: method 'getRoutes'
24.05.2023 19:52:55.262 [http-nio-8080-exec-1] INFO   c.e.e.f.R.c.AdminRoutesController - AdminRoutesController: method 'getRoutes'
24.05.2023 19:52:56.853 [http-nio-8080-exec-8] INFO   c.e.e.f.R.c.AdminRoutesController - AdminRoutesController: method 'getRoutes'
24.05.2023 19:52:59.049 [http-nio-8080-exec-7] INFO   c.e.e.f.R.c.MainController - Home page
24.05.2023 19:53:03.628 [http-nio-8080-exec-6] INFO   c.e.e.f.R.c.MainController - Home page
24.05.2023 19:53:06.441 [http-nio-8080-exec-1] INFO   c.e.e.f.R.c.MainController - Home page
24.05.2023 19:53:07.760 [http-nio-8080-exec-3] INFO   c.e.e.f.R.c.MyProfileController - MyProfileController: method 'getProfile'
24.05.2023 19:53:07.760 [http-nio-8080-exec-3] INFO   c.e.e.f.R.c.MyProfileController - MyProfileController: method 'getPageProfile'
24.05.2023 19:53:07.797 [http-nio-8080-exec-3] INFO   c.e.e.f.R.s.TicketService - TicketService: method 'findAllTicketsByDocument'
24.05.2023 19:53:10.094 [http-nio-8080-exec-4] INFO   c.e.e.f.R.c.MyProfileController - MyProfileController: method 'getProfile'
24.05.2023 19:53:10.094 [http-nio-8080-exec-4] INFO   c.e.e.f.R.c.MyProfileController - MyProfileController: method 'getPageProfile'
24.05.2023 19:53:10.110 [http-nio-8080-exec-4] INFO   c.e.e.f.R.s.TicketService - TicketService: method 'findAllTicketsByDocument'
24.05.2023 19:53:12.647 [http-nio-8080-exec-3] INFO   c.e.e.f.R.c.MyProfileController - MyProfileController: method 'getProfile'
24.05.2023 19:53:12.647 [http-nio-8080-exec-3] INFO   c.e.e.f.R.c.MyProfileController - MyProfileController: method 'getPageProfile'
24.05.2023 19:53:12.655 [http-nio-8080-exec-3] INFO   c.e.e.f.R.s.TicketService - TicketService: method 'findAllTicketsByDocument'
24.05.2023 19:54:17.819 [SpringApplicationShutdownHook] INFO   o.s.o.j.LocalContainerEntityManagerFactoryBean - Closing JPA EntityManagerFactory for persistence unit 'default'
24.05.2023 19:54:17.819 [SpringApplicationShutdownHook] INFO   c.z.h.HikariDataSource - HikariPool-1 - Shutdown initiated...
24.05.2023 19:54:17.851 [SpringApplicationShutdownHook] INFO   c.z.h.HikariDataSource - HikariPool-1 - Shutdown completed.
24.05.2023 19:54:23.371 [background-preinit] INFO   o.h.v.i.util.Version - HV000001: Hibernate Validator 8.0.0.Final
24.05.2023 19:54:23.502 [restartedMain] INFO   c.e.e.f.R.RailwayTicketOfficeApplication - Starting RailwayTicketOfficeApplication using Java 17.0.3.1 with PID 15064 (C:\Users\Полина\Documents\GitHub\Railway-ticket-office\target\classes started by Полина in C:\Users\Полина\Documents\GitHub\Railway-ticket-office)
24.05.2023 19:54:23.502 [restartedMain] INFO   c.e.e.f.R.RailwayTicketOfficeApplication - No active profile set, falling back to 1 default profile: "default"
24.05.2023 19:54:23.622 [restartedMain] INFO   o.s.b.d.e.DevToolsPropertyDefaultsPostProcessor - Devtools property defaults active! Set 'spring.devtools.add-properties' to 'false' to disable
24.05.2023 19:54:23.622 [restartedMain] INFO   o.s.b.d.e.DevToolsPropertyDefaultsPostProcessor - For additional web related logging consider setting the 'logging.level.web' property to 'DEBUG'
24.05.2023 19:54:25.901 [restartedMain] INFO   o.s.d.r.c.RepositoryConfigurationDelegate - Bootstrapping Spring Data JPA repositories in DEFAULT mode.
24.05.2023 19:54:26.171 [restartedMain] INFO   o.s.d.r.c.RepositoryConfigurationDelegate - Finished Spring Data repository scanning in 240 ms. Found 6 JPA repository interfaces.
24.05.2023 19:54:28.426 [restartedMain] INFO   o.s.b.w.e.t.TomcatWebServer - Tomcat initialized with port(s): 8080 (http)
24.05.2023 19:54:28.463 [restartedMain] INFO   o.a.c.h.Http11NioProtocol - Initializing ProtocolHandler ["http-nio-8080"]
24.05.2023 19:54:28.479 [restartedMain] INFO   o.a.c.c.StandardService - Starting service [Tomcat]
24.05.2023 19:54:28.479 [restartedMain] INFO   o.a.c.c.StandardEngine - Starting Servlet engine: [Apache Tomcat/10.1.7]
24.05.2023 19:54:28.696 [restartedMain] INFO   o.a.c.c.C.[.[.[/] - Initializing Spring embedded WebApplicationContext
24.05.2023 19:54:28.696 [restartedMain] INFO   o.s.b.w.s.c.ServletWebServerApplicationContext - Root WebApplicationContext: initialization completed in 5074 ms
24.05.2023 19:54:29.224 [restartedMain] INFO   o.h.j.i.u.LogHelper - HHH000204: Processing PersistenceUnitInfo [name: default]
24.05.2023 19:54:29.371 [restartedMain] INFO   o.hibernate.Version - HHH000412: Hibernate ORM core version 6.1.7.Final
24.05.2023 19:54:30.157 [restartedMain] INFO   c.z.h.HikariDataSource - HikariPool-1 - Starting...
24.05.2023 19:54:30.828 [restartedMain] INFO   c.z.h.p.HikariPool - HikariPool-1 - Added connection com.mysql.cj.jdbc.ConnectionImpl@ca88e4e
24.05.2023 19:54:30.828 [restartedMain] INFO   c.z.h.HikariDataSource - HikariPool-1 - Start completed.
24.05.2023 19:54:30.975 [restartedMain] INFO   SQL dialect - HHH000400: Using dialect: org.hibernate.dialect.MySQLDialect
24.05.2023 19:54:33.666 [restartedMain] INFO   o.h.e.t.j.p.i.JtaPlatformInitiator - HHH000490: Using JtaPlatform implementation: [org.hibernate.engine.transaction.jta.platform.internal.NoJtaPlatform]
24.05.2023 19:54:33.703 [restartedMain] INFO   o.s.o.j.LocalContainerEntityManagerFactoryBean - Initialized JPA EntityManagerFactory for persistence unit 'default'
24.05.2023 19:54:35.101 [restartedMain] WARN   o.s.b.a.o.j.JpaBaseConfiguration$JpaWebConfiguration - spring.jpa.open-in-view is enabled by default. Therefore, database queries may be performed during view rendering. Explicitly configure spring.jpa.open-in-view to disable this warning
24.05.2023 19:54:35.934 [restartedMain] INFO   o.s.s.w.DefaultSecurityFilterChain - Will secure any request with [org.springframework.security.web.session.DisableEncodeUrlFilter@853339d, org.springframework.security.web.context.request.async.WebAsyncManagerIntegrationFilter@22eb9c47, org.springframework.security.web.context.SecurityContextHolderFilter@44d0823e, org.springframework.security.web.header.HeaderWriterFilter@66201340, org.springframework.security.web.authentication.logout.LogoutFilter@72bfa83f, org.springframework.security.web.authentication.UsernamePasswordAuthenticationFilter@323caf7e, org.springframework.security.web.savedrequest.RequestCacheAwareFilter@f199c07, org.springframework.security.web.servletapi.SecurityContextHolderAwareRequestFilter@6295a5ac, org.springframework.security.web.authentication.AnonymousAuthenticationFilter@44668f38, org.springframework.security.web.access.ExceptionTranslationFilter@746ec49b, org.springframework.security.web.access.intercept.AuthorizationFilter@3f69da49]
24.05.2023 19:54:36.589 [restartedMain] INFO   o.s.b.d.a.OptionalLiveReloadServer - LiveReload server is running on port 35729
24.05.2023 19:54:36.627 [restartedMain] INFO   o.a.c.h.Http11NioProtocol - Starting ProtocolHandler ["http-nio-8080"]
24.05.2023 19:54:36.674 [restartedMain] INFO   o.s.b.w.e.t.TomcatWebServer - Tomcat started on port(s): 8080 (http) with context path ''
24.05.2023 19:54:36.705 [restartedMain] INFO   c.e.e.f.R.RailwayTicketOfficeApplication - Started RailwayTicketOfficeApplication in 14.136 seconds (process running for 16.182)
24.05.2023 19:54:39.779 [http-nio-8080-exec-1] INFO   o.a.c.c.C.[.[.[/] - Initializing Spring DispatcherServlet 'dispatcherServlet'
24.05.2023 19:54:39.779 [http-nio-8080-exec-1] INFO   o.s.w.s.DispatcherServlet - Initializing Servlet 'dispatcherServlet'
24.05.2023 19:54:39.779 [http-nio-8080-exec-1] INFO   o.s.w.s.DispatcherServlet - Completed initialization in 0 ms
24.05.2023 19:54:51.410 [http-nio-8080-exec-10] INFO   c.e.e.f.R.c.MainController - Home page
24.05.2023 19:54:59.722 [http-nio-8080-exec-3] INFO   c.e.e.f.R.c.MainController - Home page
24.05.2023 19:55:08.628 [SpringApplicationShutdownHook] INFO   o.s.o.j.LocalContainerEntityManagerFactoryBean - Closing JPA EntityManagerFactory for persistence unit 'default'
24.05.2023 19:55:08.643 [SpringApplicationShutdownHook] INFO   c.z.h.HikariDataSource - HikariPool-1 - Shutdown initiated...
24.05.2023 19:55:08.659 [SpringApplicationShutdownHook] INFO   c.z.h.HikariDataSource - HikariPool-1 - Shutdown completed.
24.05.2023 19:55:15.714 [background-preinit] INFO   o.h.v.i.util.Version - HV000001: Hibernate Validator 8.0.0.Final
24.05.2023 19:55:15.850 [restartedMain] INFO   c.e.e.f.R.RailwayTicketOfficeApplication - Starting RailwayTicketOfficeApplication using Java 17.0.3.1 with PID 13536 (C:\Users\Полина\Documents\GitHub\Railway-ticket-office\target\classes started by Полина in C:\Users\Полина\Documents\GitHub\Railway-ticket-office)
24.05.2023 19:55:15.850 [restartedMain] INFO   c.e.e.f.R.RailwayTicketOfficeApplication - No active profile set, falling back to 1 default profile: "default"
24.05.2023 19:55:15.986 [restartedMain] INFO   o.s.b.d.e.DevToolsPropertyDefaultsPostProcessor - Devtools property defaults active! Set 'spring.devtools.add-properties' to 'false' to disable
24.05.2023 19:55:15.986 [restartedMain] INFO   o.s.b.d.e.DevToolsPropertyDefaultsPostProcessor - For additional web related logging consider setting the 'logging.level.web' property to 'DEBUG'
24.05.2023 19:55:18.071 [restartedMain] INFO   o.s.d.r.c.RepositoryConfigurationDelegate - Bootstrapping Spring Data JPA repositories in DEFAULT mode.
24.05.2023 19:55:18.303 [restartedMain] INFO   o.s.d.r.c.RepositoryConfigurationDelegate - Finished Spring Data repository scanning in 188 ms. Found 6 JPA repository interfaces.
24.05.2023 19:55:20.417 [restartedMain] INFO   o.s.b.w.e.t.TomcatWebServer - Tomcat initialized with port(s): 8080 (http)
24.05.2023 19:55:20.448 [restartedMain] INFO   o.a.c.h.Http11NioProtocol - Initializing ProtocolHandler ["http-nio-8080"]
24.05.2023 19:55:20.448 [restartedMain] INFO   o.a.c.c.StandardService - Starting service [Tomcat]
24.05.2023 19:55:20.448 [restartedMain] INFO   o.a.c.c.StandardEngine - Starting Servlet engine: [Apache Tomcat/10.1.7]
24.05.2023 19:55:20.602 [restartedMain] INFO   o.a.c.c.C.[.[.[/] - Initializing Spring embedded WebApplicationContext
24.05.2023 19:55:20.602 [restartedMain] INFO   o.s.b.w.s.c.ServletWebServerApplicationContext - Root WebApplicationContext: initialization completed in 4616 ms
24.05.2023 19:55:21.019 [restartedMain] INFO   o.h.j.i.u.LogHelper - HHH000204: Processing PersistenceUnitInfo [name: default]
24.05.2023 19:55:21.150 [restartedMain] INFO   o.hibernate.Version - HHH000412: Hibernate ORM core version 6.1.7.Final
24.05.2023 19:55:21.868 [restartedMain] INFO   c.z.h.HikariDataSource - HikariPool-1 - Starting...
24.05.2023 19:55:22.552 [restartedMain] INFO   c.z.h.p.HikariPool - HikariPool-1 - Added connection com.mysql.cj.jdbc.ConnectionImpl@bf50856
24.05.2023 19:55:22.568 [restartedMain] INFO   c.z.h.HikariDataSource - HikariPool-1 - Start completed.
24.05.2023 19:55:22.727 [restartedMain] INFO   SQL dialect - HHH000400: Using dialect: org.hibernate.dialect.MySQLDialect
24.05.2023 19:55:25.184 [restartedMain] INFO   o.h.e.t.j.p.i.JtaPlatformInitiator - HHH000490: Using JtaPlatform implementation: [org.hibernate.engine.transaction.jta.platform.internal.NoJtaPlatform]
24.05.2023 19:55:25.199 [restartedMain] INFO   o.s.o.j.LocalContainerEntityManagerFactoryBean - Initialized JPA EntityManagerFactory for persistence unit 'default'
24.05.2023 19:55:26.651 [restartedMain] WARN   o.s.b.a.o.j.JpaBaseConfiguration$JpaWebConfiguration - spring.jpa.open-in-view is enabled by default. Therefore, database queries may be performed during view rendering. Explicitly configure spring.jpa.open-in-view to disable this warning
24.05.2023 19:55:27.407 [restartedMain] INFO   o.s.s.w.DefaultSecurityFilterChain - Will secure any request with [org.springframework.security.web.session.DisableEncodeUrlFilter@4cfa9abc, org.springframework.security.web.context.request.async.WebAsyncManagerIntegrationFilter@3ce0ce98, org.springframework.security.web.context.SecurityContextHolderFilter@41255723, org.springframework.security.web.header.HeaderWriterFilter@b4b6587, org.springframework.security.web.authentication.logout.LogoutFilter@2152101a, org.springframework.security.web.authentication.UsernamePasswordAuthenticationFilter@4955ee6, org.springframework.security.web.savedrequest.RequestCacheAwareFilter@2e457d83, org.springframework.security.web.servletapi.SecurityContextHolderAwareRequestFilter@23ae7f7f, org.springframework.security.web.authentication.AnonymousAuthenticationFilter@2bffd8cd, org.springframework.security.web.access.ExceptionTranslationFilter@3dc5a024, org.springframework.security.web.access.intercept.AuthorizationFilter@5ea7f65c]
24.05.2023 19:55:28.008 [restartedMain] INFO   o.s.b.d.a.OptionalLiveReloadServer - LiveReload server is running on port 35729
24.05.2023 19:55:28.039 [restartedMain] INFO   o.a.c.h.Http11NioProtocol - Starting ProtocolHandler ["http-nio-8080"]
24.05.2023 19:55:28.093 [restartedMain] INFO   o.s.b.w.e.t.TomcatWebServer - Tomcat started on port(s): 8080 (http) with context path ''
24.05.2023 19:55:28.108 [restartedMain] INFO   c.e.e.f.R.RailwayTicketOfficeApplication - Started RailwayTicketOfficeApplication in 13.377 seconds (process running for 15.971)
24.05.2023 19:55:32.201 [http-nio-8080-exec-1] INFO   o.a.c.c.C.[.[.[/] - Initializing Spring DispatcherServlet 'dispatcherServlet'
24.05.2023 19:55:32.201 [http-nio-8080-exec-1] INFO   o.s.w.s.DispatcherServlet - Initializing Servlet 'dispatcherServlet'
24.05.2023 19:55:32.201 [http-nio-8080-exec-1] INFO   o.s.w.s.DispatcherServlet - Completed initialization in 0 ms
24.05.2023 19:55:32.329 [http-nio-8080-exec-1] INFO   c.e.e.f.R.c.MainController - Home page
24.05.2023 19:55:42.543 [http-nio-8080-exec-4] INFO   c.e.e.f.R.c.MainController - Home page
24.05.2023 19:55:49.430 [http-nio-8080-exec-7] INFO   c.e.e.f.R.c.MainController - Home page
24.05.2023 19:55:55.150 [http-nio-8080-exec-7] INFO   c.e.e.f.R.c.MainController - Home page
24.05.2023 19:55:58.965 [http-nio-8080-exec-4] INFO   c.e.e.f.R.c.MainController - Home page
24.05.2023 19:56:01.450 [http-nio-8080-exec-5] INFO   c.e.e.f.R.c.MainController - Home page
24.05.2023 19:56:08.189 [http-nio-8080-exec-3] INFO   c.e.e.f.R.c.MainController - Home page
24.05.2023 19:56:14.750 [http-nio-8080-exec-6] INFO   c.e.e.f.R.c.MainController - Home page
24.05.2023 19:56:18.761 [http-nio-8080-exec-1] INFO   c.e.e.f.R.c.AdminController - AdminController: method 'getStatements'
24.05.2023 19:56:18.769 [http-nio-8080-exec-1] INFO   c.e.e.f.R.c.AdminController - AdminController: method 'findAllStatements'
24.05.2023 19:56:18.769 [http-nio-8080-exec-1] INFO   c.e.e.f.R.s.MessageService - findAllTickets: method 'findAllUsers'
24.05.2023 19:56:20.291 [http-nio-8080-exec-5] INFO   c.e.e.f.R.c.AdminController - AdminController: method 'getStatements'
24.05.2023 19:56:20.291 [http-nio-8080-exec-5] INFO   c.e.e.f.R.c.AdminController - AdminController: method 'findAllStatements'
24.05.2023 19:56:20.291 [http-nio-8080-exec-5] INFO   c.e.e.f.R.s.MessageService - findAllTickets: method 'findAllUsers'
24.05.2023 19:56:21.150 [http-nio-8080-exec-1] INFO   c.e.e.f.R.c.AdminController - AdminController: method 'getStatements'
24.05.2023 19:56:21.150 [http-nio-8080-exec-1] INFO   c.e.e.f.R.c.AdminController - AdminController: method 'findAllStatements'
24.05.2023 19:56:21.150 [http-nio-8080-exec-1] INFO   c.e.e.f.R.s.MessageService - findAllTickets: method 'findAllUsers'
24.05.2023 19:56:21.832 [http-nio-8080-exec-4] INFO   c.e.e.f.R.c.AdminController - AdminController: method 'getStatements'
24.05.2023 19:56:21.832 [http-nio-8080-exec-4] INFO   c.e.e.f.R.c.AdminController - AdminController: method 'findAllStatements'
24.05.2023 19:56:21.832 [http-nio-8080-exec-4] INFO   c.e.e.f.R.s.MessageService - findAllTickets: method 'findAllUsers'
24.05.2023 19:56:22.439 [http-nio-8080-exec-6] INFO   c.e.e.f.R.c.AdminController - AdminController: method 'getStatements'
24.05.2023 19:56:22.439 [http-nio-8080-exec-6] INFO   c.e.e.f.R.c.AdminController - AdminController: method 'findAllStatements'
24.05.2023 19:56:22.439 [http-nio-8080-exec-6] INFO   c.e.e.f.R.s.MessageService - findAllTickets: method 'findAllUsers'
24.05.2023 19:56:23.005 [http-nio-8080-exec-3] INFO   c.e.e.f.R.c.AdminController - AdminController: method 'getStatements'
24.05.2023 19:56:23.005 [http-nio-8080-exec-3] INFO   c.e.e.f.R.c.AdminController - AdminController: method 'findAllStatements'
24.05.2023 19:56:23.005 [http-nio-8080-exec-3] INFO   c.e.e.f.R.s.MessageService - findAllTickets: method 'findAllUsers'
24.05.2023 19:56:23.581 [http-nio-8080-exec-5] INFO   c.e.e.f.R.c.AdminController - AdminController: method 'getStatements'
24.05.2023 19:56:23.581 [http-nio-8080-exec-5] INFO   c.e.e.f.R.c.AdminController - AdminController: method 'findAllStatements'
24.05.2023 19:56:23.581 [http-nio-8080-exec-5] INFO   c.e.e.f.R.s.MessageService - findAllTickets: method 'findAllUsers'
24.05.2023 19:56:24.204 [http-nio-8080-exec-4] INFO   c.e.e.f.R.c.AdminController - AdminController: method 'getStatements'
24.05.2023 19:56:24.204 [http-nio-8080-exec-4] INFO   c.e.e.f.R.c.AdminController - AdminController: method 'findAllStatements'
24.05.2023 19:56:24.204 [http-nio-8080-exec-4] INFO   c.e.e.f.R.s.MessageService - findAllTickets: method 'findAllUsers'
24.05.2023 19:56:24.684 [http-nio-8080-exec-6] INFO   c.e.e.f.R.c.AdminController - AdminController: method 'getStatements'
24.05.2023 19:56:24.684 [http-nio-8080-exec-6] INFO   c.e.e.f.R.c.AdminController - AdminController: method 'findAllStatements'
24.05.2023 19:56:24.684 [http-nio-8080-exec-6] INFO   c.e.e.f.R.s.MessageService - findAllTickets: method 'findAllUsers'
24.05.2023 19:56:25.825 [http-nio-8080-exec-3] INFO   c.e.e.f.R.c.MainController - Home page
24.05.2023 19:56:28.096 [http-nio-8080-exec-10] INFO   c.e.e.f.R.c.MainController - Home page
24.05.2023 19:56:28.583 [http-nio-8080-exec-3] INFO   c.e.e.f.R.c.MainController - Home page
24.05.2023 19:56:45.645 [SpringApplicationShutdownHook] INFO   o.s.o.j.LocalContainerEntityManagerFactoryBean - Closing JPA EntityManagerFactory for persistence unit 'default'
24.05.2023 19:56:45.653 [SpringApplicationShutdownHook] INFO   c.z.h.HikariDataSource - HikariPool-1 - Shutdown initiated...
24.05.2023 19:56:45.685 [SpringApplicationShutdownHook] INFO   c.z.h.HikariDataSource - HikariPool-1 - Shutdown completed.
