27.04.2023 17:23:04.545 [main] INFO   o.s.t.c.s.AnnotationConfigContextLoaderUtils - Could not detect default configuration classes for test class [com.example.epam.finalProject.Railwayticketoffice.services.UserServiceIntegrationTest]: UserServiceIntegrationTest does not declare any static, non-private, non-final, nested classes annotated with @Configuration.
27.04.2023 17:23:04.800 [main] INFO   o.s.b.t.c.SpringBootTestContextBootstrapper - Found @SpringBootConfiguration com.example.epam.finalProject.Railwayticketoffice.RailwayTicketOfficeApplication for test class com.example.epam.finalProject.Railwayticketoffice.services.UserServiceIntegrationTest
27.04.2023 17:23:05.224 [main] INFO   o.s.t.c.s.AnnotationConfigContextLoaderUtils - Could not detect default configuration classes for test class [com.example.epam.finalProject.Railwayticketoffice.services.StationServiceIntegrationTest]: StationServiceIntegrationTest does not declare any static, non-private, non-final, nested classes annotated with @Configuration.
27.04.2023 17:23:05.224 [main] INFO   o.s.b.t.c.SpringBootTestContextBootstrapper - Found @SpringBootConfiguration com.example.epam.finalProject.Railwayticketoffice.RailwayTicketOfficeApplication for test class com.example.epam.finalProject.Railwayticketoffice.services.StationServiceIntegrationTest
27.04.2023 17:23:05.318 [main] INFO   o.s.t.c.s.AnnotationConfigContextLoaderUtils - Could not detect default configuration classes for test class [com.example.epam.finalProject.Railwayticketoffice.GeneralTest]: GeneralTest does not declare any static, non-private, non-final, nested classes annotated with @Configuration.
27.04.2023 17:23:05.340 [main] INFO   o.s.b.t.c.SpringBootTestContextBootstrapper - Found @SpringBootConfiguration com.example.epam.finalProject.Railwayticketoffice.RailwayTicketOfficeApplication for test class com.example.epam.finalProject.Railwayticketoffice.GeneralTest
27.04.2023 17:23:05.340 [main] INFO   o.s.t.c.s.AnnotationConfigContextLoaderUtils - Could not detect default configuration classes for test class [com.example.epam.finalProject.Railwayticketoffice.services.StopServiceIntegrationTest]: StopServiceIntegrationTest does not declare any static, non-private, non-final, nested classes annotated with @Configuration.
27.04.2023 17:23:05.356 [main] INFO   o.s.b.t.c.SpringBootTestContextBootstrapper - Found @SpringBootConfiguration com.example.epam.finalProject.Railwayticketoffice.RailwayTicketOfficeApplication for test class com.example.epam.finalProject.Railwayticketoffice.services.StopServiceIntegrationTest
27.04.2023 17:23:06.544 [background-preinit] INFO   o.h.v.i.util.Version - HV000001: Hibernate Validator 8.0.0.Final
27.04.2023 17:23:06.628 [main] INFO   c.e.e.f.R.d.UserRepositoryIntegrationTest - Starting UserRepositoryIntegrationTest using Java 17.0.3.1 with PID 272 (started by Полина in C:\Users\Полина\Documents\GitHub\Railway-ticket-office)
27.04.2023 17:23:06.628 [main] INFO   c.e.e.f.R.d.UserRepositoryIntegrationTest - No active profile set, falling back to 1 default profile: "default"
27.04.2023 17:23:07.476 [main] INFO   o.s.d.r.c.RepositoryConfigurationDelegate - Bootstrapping Spring Data JPA repositories in DEFAULT mode.
27.04.2023 17:23:07.724 [main] INFO   o.s.d.r.c.RepositoryConfigurationDelegate - Finished Spring Data repository scanning in 217 ms. Found 6 JPA repository interfaces.
27.04.2023 17:23:08.364 [main] INFO   o.h.j.i.u.LogHelper - HHH000204: Processing PersistenceUnitInfo [name: default]
27.04.2023 17:23:08.534 [main] INFO   o.hibernate.Version - HHH000412: Hibernate ORM core version 6.1.7.Final
27.04.2023 17:23:09.398 [main] INFO   c.z.h.HikariDataSource - HikariPool-1 - Starting...
27.04.2023 17:23:10.441 [main] INFO   c.z.h.p.HikariPool - HikariPool-1 - Added connection com.mysql.cj.jdbc.ConnectionImpl@68c34db2
27.04.2023 17:23:10.441 [main] INFO   c.z.h.HikariDataSource - HikariPool-1 - Start completed.
27.04.2023 17:23:10.642 [main] INFO   SQL dialect - HHH000400: Using dialect: org.hibernate.dialect.MySQLDialect
27.04.2023 17:23:13.196 [main] INFO   o.h.e.t.j.p.i.JtaPlatformInitiator - HHH000490: Using JtaPlatform implementation: [org.hibernate.engine.transaction.jta.platform.internal.NoJtaPlatform]
27.04.2023 17:23:13.211 [main] INFO   o.s.o.j.LocalContainerEntityManagerFactoryBean - Initialized JPA EntityManagerFactory for persistence unit 'default'
27.04.2023 17:23:14.453 [main] INFO   c.e.e.f.R.d.UserRepositoryIntegrationTest - Started UserRepositoryIntegrationTest in 8.465 seconds (process running for 34.15)
27.04.2023 17:23:15.582 [main] INFO   c.e.e.f.R.s.UserServiceIntegrationTest - Starting UserServiceIntegrationTest using Java 17.0.3.1 with PID 272 (started by Полина in C:\Users\Полина\Documents\GitHub\Railway-ticket-office)
27.04.2023 17:23:15.582 [main] INFO   c.e.e.f.R.s.UserServiceIntegrationTest - No active profile set, falling back to 1 default profile: "default"
27.04.2023 17:23:16.601 [main] INFO   o.s.d.r.c.RepositoryConfigurationDelegate - Bootstrapping Spring Data JPA repositories in DEFAULT mode.
27.04.2023 17:23:16.648 [main] INFO   o.s.d.r.c.RepositoryConfigurationDelegate - Finished Spring Data repository scanning in 39 ms. Found 6 JPA repository interfaces.
27.04.2023 17:23:17.905 [main] INFO   o.s.b.w.e.t.TomcatWebServer - Tomcat initialized with port(s): 0 (http)
27.04.2023 17:23:17.936 [main] INFO   o.a.c.h.Http11NioProtocol - Initializing ProtocolHandler ["http-nio-auto-1"]
27.04.2023 17:23:17.936 [main] INFO   o.a.c.c.StandardService - Starting service [Tomcat]
27.04.2023 17:23:17.936 [main] INFO   o.a.c.c.StandardEngine - Starting Servlet engine: [Apache Tomcat/10.1.7]
27.04.2023 17:23:18.137 [main] INFO   o.a.c.c.C.[.[.[/] - Initializing Spring embedded WebApplicationContext
27.04.2023 17:23:18.137 [main] INFO   o.s.b.w.s.c.ServletWebServerApplicationContext - Root WebApplicationContext: initialization completed in 2539 ms
27.04.2023 17:23:18.425 [main] INFO   o.h.j.i.u.LogHelper - HHH000204: Processing PersistenceUnitInfo [name: default]
27.04.2023 17:23:18.437 [main] INFO   c.z.h.HikariDataSource - HikariPool-2 - Starting...
27.04.2023 17:23:18.476 [main] INFO   c.z.h.p.HikariPool - HikariPool-2 - Added connection com.mysql.cj.jdbc.ConnectionImpl@1d09fb8e
27.04.2023 17:23:18.478 [main] INFO   c.z.h.HikariDataSource - HikariPool-2 - Start completed.
27.04.2023 17:23:18.478 [main] INFO   SQL dialect - HHH000400: Using dialect: org.hibernate.dialect.MySQLDialect
27.04.2023 17:23:18.767 [main] INFO   o.h.e.t.j.p.i.JtaPlatformInitiator - HHH000490: Using JtaPlatform implementation: [org.hibernate.engine.transaction.jta.platform.internal.NoJtaPlatform]
27.04.2023 17:23:18.769 [main] INFO   o.s.o.j.LocalContainerEntityManagerFactoryBean - Initialized JPA EntityManagerFactory for persistence unit 'default'
27.04.2023 17:23:19.302 [main] WARN   o.s.b.a.o.j.JpaBaseConfiguration$JpaWebConfiguration - spring.jpa.open-in-view is enabled by default. Therefore, database queries may be performed during view rendering. Explicitly configure spring.jpa.open-in-view to disable this warning
27.04.2023 17:23:20.157 [main] INFO   o.s.s.w.DefaultSecurityFilterChain - Will secure any request with [org.springframework.security.web.session.DisableEncodeUrlFilter@5ea9f2f3, org.springframework.security.web.context.request.async.WebAsyncManagerIntegrationFilter@72e5f018, org.springframework.security.web.context.SecurityContextHolderFilter@6b438782, org.springframework.security.web.header.HeaderWriterFilter@a712344, org.springframework.security.web.authentication.logout.LogoutFilter@6b174aa3, org.springframework.security.web.authentication.UsernamePasswordAuthenticationFilter@360b6ea1, org.springframework.security.web.savedrequest.RequestCacheAwareFilter@2cf29dce, org.springframework.security.web.servletapi.SecurityContextHolderAwareRequestFilter@5cdd5ff9, org.springframework.security.web.authentication.AnonymousAuthenticationFilter@74ee8f57, org.springframework.security.web.access.ExceptionTranslationFilter@7d569c10, org.springframework.security.web.access.intercept.AuthorizationFilter@33ea437a]
27.04.2023 17:23:20.767 [main] INFO   o.a.c.h.Http11NioProtocol - Starting ProtocolHandler ["http-nio-auto-1"]
27.04.2023 17:23:20.826 [main] INFO   o.s.b.w.e.t.TomcatWebServer - Tomcat started on port(s): 64428 (http) with context path ''
27.04.2023 17:23:20.838 [main] INFO   c.e.e.f.R.s.UserServiceIntegrationTest - Started UserServiceIntegrationTest in 5.352 seconds (process running for 40.533)
27.04.2023 17:23:20.848 [main] INFO   c.e.e.f.R.s.UserService - UserService: method 'addNewUser'
27.04.2023 17:23:21.270 [main] INFO   c.e.e.f.R.s.UserService - UserService: method 'addNewUser'
27.04.2023 17:23:21.506 [main] INFO   c.e.e.f.R.s.UserService - UserService: method 'change'
27.04.2023 17:23:22.125 [main] INFO   c.e.e.f.R.s.UserService - UserService: method 'change'
27.04.2023 17:23:22.149 [main] INFO   c.e.e.f.R.s.UserService - UserService: method 'addNewUser'
27.04.2023 17:23:22.170 [main] INFO   c.e.e.f.R.s.StationService - StationService: method 'addNewStation'
27.04.2023 17:23:22.214 [main] INFO   c.e.e.f.R.s.StationService - StationService: method 'addNewStation'
27.04.2023 17:23:22.787 [main] INFO   c.e.e.f.R.GeneralTest - Starting GeneralTest using Java 17.0.3.1 with PID 272 (started by Полина in C:\Users\Полина\Documents\GitHub\Railway-ticket-office)
27.04.2023 17:23:22.787 [main] INFO   c.e.e.f.R.GeneralTest - No active profile set, falling back to 1 default profile: "default"
27.04.2023 17:23:23.333 [main] INFO   o.s.d.r.c.RepositoryConfigurationDelegate - Bootstrapping Spring Data JPA repositories in DEFAULT mode.
27.04.2023 17:23:23.380 [main] INFO   o.s.d.r.c.RepositoryConfigurationDelegate - Finished Spring Data repository scanning in 39 ms. Found 6 JPA repository interfaces.
27.04.2023 17:23:23.618 [main] INFO   o.s.b.w.e.t.TomcatWebServer - Tomcat initialized with port(s): 0 (http)
27.04.2023 17:23:23.618 [main] INFO   o.a.c.h.Http11NioProtocol - Initializing ProtocolHandler ["http-nio-auto-2"]
27.04.2023 17:23:23.618 [main] INFO   o.a.c.c.StandardService - Starting service [Tomcat]
27.04.2023 17:23:23.618 [main] INFO   o.a.c.c.StandardEngine - Starting Servlet engine: [Apache Tomcat/10.1.7]
27.04.2023 17:23:23.665 [main] INFO   o.a.c.c.C.[.[.[/] - Initializing Spring embedded WebApplicationContext
27.04.2023 17:23:23.665 [main] INFO   o.s.b.w.s.c.ServletWebServerApplicationContext - Root WebApplicationContext: initialization completed in 878 ms
27.04.2023 17:23:23.804 [main] INFO   o.h.j.i.u.LogHelper - HHH000204: Processing PersistenceUnitInfo [name: default]
27.04.2023 17:23:23.819 [main] INFO   c.z.h.HikariDataSource - HikariPool-3 - Starting...
27.04.2023 17:23:23.866 [main] INFO   c.z.h.p.HikariPool - HikariPool-3 - Added connection com.mysql.cj.jdbc.ConnectionImpl@1540b926
27.04.2023 17:23:23.866 [main] INFO   c.z.h.HikariDataSource - HikariPool-3 - Start completed.
27.04.2023 17:23:23.866 [main] INFO   SQL dialect - HHH000400: Using dialect: org.hibernate.dialect.MySQLDialect
27.04.2023 17:23:24.120 [main] INFO   o.h.e.t.j.p.i.JtaPlatformInitiator - HHH000490: Using JtaPlatform implementation: [org.hibernate.engine.transaction.jta.platform.internal.NoJtaPlatform]
27.04.2023 17:23:24.120 [main] INFO   o.s.o.j.LocalContainerEntityManagerFactoryBean - Initialized JPA EntityManagerFactory for persistence unit 'default'
27.04.2023 17:23:24.505 [main] WARN   o.s.b.a.o.j.JpaBaseConfiguration$JpaWebConfiguration - spring.jpa.open-in-view is enabled by default. Therefore, database queries may be performed during view rendering. Explicitly configure spring.jpa.open-in-view to disable this warning
27.04.2023 17:23:24.706 [main] INFO   o.s.s.w.DefaultSecurityFilterChain - Will secure any request with [org.springframework.security.web.session.DisableEncodeUrlFilter@654be52b, org.springframework.security.web.context.request.async.WebAsyncManagerIntegrationFilter@22938166, org.springframework.security.web.context.SecurityContextHolderFilter@4cef1ea6, org.springframework.security.web.header.HeaderWriterFilter@73c71083, org.springframework.security.web.authentication.logout.LogoutFilter@5e4d55a6, org.springframework.security.web.authentication.UsernamePasswordAuthenticationFilter@519f6adb, org.springframework.security.web.savedrequest.RequestCacheAwareFilter@3f2731e5, org.springframework.security.web.servletapi.SecurityContextHolderAwareRequestFilter@21eb33d4, org.springframework.security.web.authentication.AnonymousAuthenticationFilter@72bb3f3e, org.springframework.security.web.access.ExceptionTranslationFilter@4c6a5712, org.springframework.security.web.access.intercept.AuthorizationFilter@20ee12d8]
27.04.2023 17:23:24.922 [main] INFO   o.a.c.c.C.[.[.[/] - Initializing Spring TestDispatcherServlet ''
27.04.2023 17:23:24.922 [main] INFO   o.s.t.w.s.TestDispatcherServlet - Initializing Servlet ''
27.04.2023 17:23:24.938 [main] INFO   o.s.t.w.s.TestDispatcherServlet - Completed initialization in 16 ms
27.04.2023 17:23:24.953 [main] INFO   o.a.c.h.Http11NioProtocol - Starting ProtocolHandler ["http-nio-auto-2"]
27.04.2023 17:23:24.953 [main] INFO   o.s.b.w.e.t.TomcatWebServer - Tomcat started on port(s): 64439 (http) with context path ''
27.04.2023 17:23:24.969 [main] INFO   c.e.e.f.R.GeneralTest - Started GeneralTest in 2.26 seconds (process running for 44.669)
27.04.2023 17:23:25.333 [main] INFO   c.e.e.f.R.c.MainController - Home page
27.04.2023 17:23:26.754 [main] INFO   c.e.e.f.R.s.StopService - StopService: method 'createNewRoute'
27.04.2023 17:23:26.754 [main] INFO   c.e.e.f.R.s.StopService - StopService: method 'change'
27.04.2023 17:23:26.776 [main] INFO   c.e.e.f.R.s.StopService - StopService: method 'delete'
27.04.2023 17:23:26.785 [main] INFO   c.e.e.f.R.s.StopService - StopService: method 'addStop'
27.04.2023 17:23:26.800 [main] INFO   c.e.e.f.R.s.StopService - StopService: method 'check'
27.04.2023 17:23:26.832 [main] INFO   c.e.e.f.R.s.StopService - StopService: method 'calculateTime'
27.04.2023 17:23:26.832 [main] INFO   c.e.e.f.R.s.StopService - StopService: method 'calculateTime'
27.04.2023 17:23:26.847 [main] INFO   c.e.e.f.R.s.StopService - StopService: method 'change'
27.04.2023 17:23:26.847 [main] INFO   c.e.e.f.R.s.StopService - StopService: method 'change'
27.04.2023 17:23:26.876 [main] INFO   c.e.e.f.R.s.StopService - StopService: method 'delete'
27.04.2023 17:23:26.892 [main] INFO   c.e.e.f.R.s.StopService - StopService: method 'createNewRoute'
27.04.2023 17:23:26.939 [main] INFO   c.e.e.f.R.s.StopService - StopService: method 'addStop'
27.04.2023 17:23:26.939 [main] INFO   c.e.e.f.R.s.StopService - StopService: method 'addStop'
27.04.2023 17:23:27.341 [main] INFO   o.s.t.c.s.AnnotationConfigContextLoaderUtils - Could not detect default configuration classes for test class [com.example.epam.finalProject.Railwayticketoffice.RailwayTicketOfficeApplicationTests]: RailwayTicketOfficeApplicationTests does not declare any static, non-private, non-final, nested classes annotated with @Configuration.
27.04.2023 17:23:27.356 [main] INFO   o.s.b.t.c.SpringBootTestContextBootstrapper - Found @SpringBootConfiguration com.example.epam.finalProject.Railwayticketoffice.RailwayTicketOfficeApplication for test class com.example.epam.finalProject.Railwayticketoffice.RailwayTicketOfficeApplicationTests
27.04.2023 17:23:27.523 [main] INFO   c.e.e.f.R.RailwayTicketOfficeApplicationTests - Starting RailwayTicketOfficeApplicationTests using Java 17.0.3.1 with PID 272 (started by Полина in C:\Users\Полина\Documents\GitHub\Railway-ticket-office)
27.04.2023 17:23:27.523 [main] INFO   c.e.e.f.R.RailwayTicketOfficeApplicationTests - No active profile set, falling back to 1 default profile: "default"
27.04.2023 17:23:28.423 [main] INFO   o.s.d.r.c.RepositoryConfigurationDelegate - Bootstrapping Spring Data JPA repositories in DEFAULT mode.
27.04.2023 17:23:28.475 [main] INFO   o.s.d.r.c.RepositoryConfigurationDelegate - Finished Spring Data repository scanning in 55 ms. Found 6 JPA repository interfaces.
27.04.2023 17:23:28.754 [main] INFO   o.h.j.i.u.LogHelper - HHH000204: Processing PersistenceUnitInfo [name: default]
27.04.2023 17:23:28.785 [main] INFO   c.z.h.HikariDataSource - HikariPool-4 - Starting...
27.04.2023 17:23:28.816 [main] INFO   c.z.h.p.HikariPool - HikariPool-4 - Added connection com.mysql.cj.jdbc.ConnectionImpl@2a4a3668
27.04.2023 17:23:28.816 [main] INFO   c.z.h.HikariDataSource - HikariPool-4 - Start completed.
27.04.2023 17:23:28.816 [main] INFO   SQL dialect - HHH000400: Using dialect: org.hibernate.dialect.MySQLDialect
27.04.2023 17:23:29.085 [main] INFO   o.h.e.t.j.p.i.JtaPlatformInitiator - HHH000490: Using JtaPlatform implementation: [org.hibernate.engine.transaction.jta.platform.internal.NoJtaPlatform]
27.04.2023 17:23:29.085 [main] INFO   o.s.o.j.LocalContainerEntityManagerFactoryBean - Initialized JPA EntityManagerFactory for persistence unit 'default'
27.04.2023 17:23:29.363 [main] WARN   o.s.b.a.o.j.JpaBaseConfiguration$JpaWebConfiguration - spring.jpa.open-in-view is enabled by default. Therefore, database queries may be performed during view rendering. Explicitly configure spring.jpa.open-in-view to disable this warning
27.04.2023 17:23:29.564 [main] INFO   o.s.s.w.DefaultSecurityFilterChain - Will secure any request with [org.springframework.security.web.session.DisableEncodeUrlFilter@48fdd829, org.springframework.security.web.context.request.async.WebAsyncManagerIntegrationFilter@3495b709, org.springframework.security.web.context.SecurityContextHolderFilter@37095cad, org.springframework.security.web.header.HeaderWriterFilter@2e3fe830, org.springframework.security.web.authentication.logout.LogoutFilter@716f968a, org.springframework.security.web.authentication.UsernamePasswordAuthenticationFilter@452bddc0, org.springframework.security.web.savedrequest.RequestCacheAwareFilter@2e2662d8, org.springframework.security.web.servletapi.SecurityContextHolderAwareRequestFilter@5dd1526e, org.springframework.security.web.authentication.AnonymousAuthenticationFilter@34fa61ad, org.springframework.security.web.access.ExceptionTranslationFilter@6ceb953, org.springframework.security.web.access.intercept.AuthorizationFilter@3b577709]
27.04.2023 17:23:29.749 [main] INFO   c.e.e.f.R.RailwayTicketOfficeApplicationTests - Started RailwayTicketOfficeApplicationTests in 2.332 seconds (process running for 49.45)
27.04.2023 17:23:29.802 [SpringApplicationShutdownHook] INFO   o.s.o.j.LocalContainerEntityManagerFactoryBean - Closing JPA EntityManagerFactory for persistence unit 'default'
27.04.2023 17:23:29.818 [SpringApplicationShutdownHook] INFO   c.z.h.HikariDataSource - HikariPool-1 - Shutdown initiated...
27.04.2023 17:23:29.849 [SpringApplicationShutdownHook] INFO   c.z.h.HikariDataSource - HikariPool-1 - Shutdown completed.
27.04.2023 17:23:29.903 [SpringApplicationShutdownHook] INFO   o.s.o.j.LocalContainerEntityManagerFactoryBean - Closing JPA EntityManagerFactory for persistence unit 'default'
27.04.2023 17:23:29.903 [SpringApplicationShutdownHook] INFO   c.z.h.HikariDataSource - HikariPool-2 - Shutdown initiated...
27.04.2023 17:23:29.918 [SpringApplicationShutdownHook] INFO   c.z.h.HikariDataSource - HikariPool-2 - Shutdown completed.
27.04.2023 17:23:29.950 [SpringApplicationShutdownHook] INFO   o.s.o.j.LocalContainerEntityManagerFactoryBean - Closing JPA EntityManagerFactory for persistence unit 'default'
27.04.2023 17:23:29.950 [SpringApplicationShutdownHook] INFO   c.z.h.HikariDataSource - HikariPool-3 - Shutdown initiated...
27.04.2023 17:23:29.965 [SpringApplicationShutdownHook] INFO   c.z.h.HikariDataSource - HikariPool-3 - Shutdown completed.
27.04.2023 17:23:29.981 [SpringApplicationShutdownHook] INFO   o.s.o.j.LocalContainerEntityManagerFactoryBean - Closing JPA EntityManagerFactory for persistence unit 'default'
27.04.2023 17:23:29.981 [SpringApplicationShutdownHook] INFO   c.z.h.HikariDataSource - HikariPool-4 - Shutdown initiated...
27.04.2023 17:23:30.003 [SpringApplicationShutdownHook] INFO   c.z.h.HikariDataSource - HikariPool-4 - Shutdown completed.
27.04.2023 17:23:47.473 [background-preinit] INFO   o.h.v.i.util.Version - HV000001: Hibernate Validator 8.0.0.Final
27.04.2023 17:23:47.614 [restartedMain] INFO   c.e.e.f.R.RailwayTicketOfficeApplication - Starting RailwayTicketOfficeApplication using Java 17.0.3.1 with PID 14268 (C:\Users\Полина\Documents\GitHub\Railway-ticket-office\target\classes started by Полина in C:\Users\Полина\Documents\GitHub\Railway-ticket-office)
27.04.2023 17:23:47.614 [restartedMain] INFO   c.e.e.f.R.RailwayTicketOfficeApplication - No active profile set, falling back to 1 default profile: "default"
27.04.2023 17:23:47.765 [restartedMain] INFO   o.s.b.d.e.DevToolsPropertyDefaultsPostProcessor - Devtools property defaults active! Set 'spring.devtools.add-properties' to 'false' to disable
27.04.2023 17:23:47.765 [restartedMain] INFO   o.s.b.d.e.DevToolsPropertyDefaultsPostProcessor - For additional web related logging consider setting the 'logging.level.web' property to 'DEBUG'
27.04.2023 17:23:49.700 [restartedMain] INFO   o.s.d.r.c.RepositoryConfigurationDelegate - Bootstrapping Spring Data JPA repositories in DEFAULT mode.
27.04.2023 17:23:49.900 [restartedMain] INFO   o.s.d.r.c.RepositoryConfigurationDelegate - Finished Spring Data repository scanning in 180 ms. Found 6 JPA repository interfaces.
27.04.2023 17:23:52.221 [restartedMain] INFO   o.s.b.w.e.t.TomcatWebServer - Tomcat initialized with port(s): 8080 (http)
27.04.2023 17:23:52.252 [restartedMain] INFO   o.a.c.h.Http11NioProtocol - Initializing ProtocolHandler ["http-nio-8080"]
27.04.2023 17:23:52.252 [restartedMain] INFO   o.a.c.c.StandardService - Starting service [Tomcat]
27.04.2023 17:23:52.252 [restartedMain] INFO   o.a.c.c.StandardEngine - Starting Servlet engine: [Apache Tomcat/10.1.7]
27.04.2023 17:23:52.522 [restartedMain] INFO   o.a.c.c.C.[.[.[/] - Initializing Spring embedded WebApplicationContext
27.04.2023 17:23:52.522 [restartedMain] INFO   o.s.b.w.s.c.ServletWebServerApplicationContext - Root WebApplicationContext: initialization completed in 4757 ms
27.04.2023 17:23:53.101 [restartedMain] INFO   o.h.j.i.u.LogHelper - HHH000204: Processing PersistenceUnitInfo [name: default]
27.04.2023 17:23:53.395 [restartedMain] INFO   o.hibernate.Version - HHH000412: Hibernate ORM core version 6.1.7.Final
27.04.2023 17:23:54.174 [restartedMain] INFO   c.z.h.HikariDataSource - HikariPool-1 - Starting...
27.04.2023 17:23:55.120 [restartedMain] INFO   c.z.h.p.HikariPool - HikariPool-1 - Added connection com.mysql.cj.jdbc.ConnectionImpl@51e5105f
27.04.2023 17:23:55.137 [restartedMain] INFO   c.z.h.HikariDataSource - HikariPool-1 - Start completed.
27.04.2023 17:23:55.379 [restartedMain] INFO   SQL dialect - HHH000400: Using dialect: org.hibernate.dialect.MySQLDialect
27.04.2023 17:23:58.550 [restartedMain] INFO   o.h.e.t.j.p.i.JtaPlatformInitiator - HHH000490: Using JtaPlatform implementation: [org.hibernate.engine.transaction.jta.platform.internal.NoJtaPlatform]
27.04.2023 17:23:58.582 [restartedMain] INFO   o.s.o.j.LocalContainerEntityManagerFactoryBean - Initialized JPA EntityManagerFactory for persistence unit 'default'
27.04.2023 17:24:01.038 [restartedMain] WARN   o.s.b.a.o.j.JpaBaseConfiguration$JpaWebConfiguration - spring.jpa.open-in-view is enabled by default. Therefore, database queries may be performed during view rendering. Explicitly configure spring.jpa.open-in-view to disable this warning
27.04.2023 17:24:02.199 [restartedMain] INFO   o.s.s.w.DefaultSecurityFilterChain - Will secure any request with [org.springframework.security.web.session.DisableEncodeUrlFilter@33cb4712, org.springframework.security.web.context.request.async.WebAsyncManagerIntegrationFilter@6199608c, org.springframework.security.web.context.SecurityContextHolderFilter@613f6ce1, org.springframework.security.web.header.HeaderWriterFilter@5f7851af, org.springframework.security.web.authentication.logout.LogoutFilter@d3ee01, org.springframework.security.web.authentication.UsernamePasswordAuthenticationFilter@7fb61444, org.springframework.security.web.savedrequest.RequestCacheAwareFilter@580b0f01, org.springframework.security.web.servletapi.SecurityContextHolderAwareRequestFilter@178546cb, org.springframework.security.web.authentication.AnonymousAuthenticationFilter@2e425ccf, org.springframework.security.web.access.ExceptionTranslationFilter@4bb36490, org.springframework.security.web.access.intercept.AuthorizationFilter@260e81d6]
27.04.2023 17:24:03.077 [restartedMain] INFO   o.s.b.d.a.OptionalLiveReloadServer - LiveReload server is running on port 35729
27.04.2023 17:24:03.117 [restartedMain] INFO   o.a.c.h.Http11NioProtocol - Starting ProtocolHandler ["http-nio-8080"]
27.04.2023 17:24:03.189 [restartedMain] INFO   o.s.b.w.e.t.TomcatWebServer - Tomcat started on port(s): 8080 (http) with context path ''
27.04.2023 17:24:03.213 [restartedMain] INFO   c.e.e.f.R.RailwayTicketOfficeApplication - Started RailwayTicketOfficeApplication in 16.729 seconds (process running for 18.913)
27.04.2023 17:24:03.525 [http-nio-8080-exec-1] INFO   o.a.c.c.C.[.[.[/] - Initializing Spring DispatcherServlet 'dispatcherServlet'
27.04.2023 17:24:03.533 [http-nio-8080-exec-1] INFO   o.s.w.s.DispatcherServlet - Initializing Servlet 'dispatcherServlet'
27.04.2023 17:24:03.533 [http-nio-8080-exec-1] INFO   o.s.w.s.DispatcherServlet - Completed initialization in 0 ms
27.04.2023 17:24:03.655 [http-nio-8080-exec-1] INFO   c.e.e.f.R.c.MainController - Home page
27.04.2023 17:24:07.606 [http-nio-8080-exec-8] INFO   c.e.e.f.R.c.MainController - Home page
27.04.2023 17:24:13.270 [http-nio-8080-exec-9] INFO   c.e.e.f.R.c.MainController - Main controller: method 'getRegistration'
27.04.2023 17:25:06.512 [http-nio-8080-exec-4] INFO   c.e.e.f.R.c.MainController - Main controller: method 'addUser'
27.04.2023 17:25:06.512 [http-nio-8080-exec-4] INFO   c.e.e.f.R.s.UserService - UserService: method 'addNewUser'
27.04.2023 17:25:34.191 [http-nio-8080-exec-9] INFO   c.e.e.f.R.c.MainController - Home page
27.04.2023 17:25:47.151 [http-nio-8080-exec-8] INFO   c.e.e.f.R.c.MyProfileController - MyProfileController: method 'getProfile'
27.04.2023 17:25:47.151 [http-nio-8080-exec-8] INFO   c.e.e.f.R.c.MyProfileController - MyProfileController: method 'getPageProfile'
27.04.2023 17:25:47.159 [http-nio-8080-exec-8] INFO   c.e.e.f.R.s.TicketService - TicketService: method 'findAllTicketsByDocument'
27.04.2023 17:25:48.710 [http-nio-8080-exec-6] INFO   c.e.e.f.R.c.MyProfileController - MyProfileController: method 'deleteProfile'
27.04.2023 17:25:50.027 [http-nio-8080-exec-4] INFO   c.e.e.f.R.c.MainController - Home page
27.04.2023 17:26:10.095 [SpringApplicationShutdownHook] INFO   o.s.o.j.LocalContainerEntityManagerFactoryBean - Closing JPA EntityManagerFactory for persistence unit 'default'
27.04.2023 17:26:10.111 [SpringApplicationShutdownHook] INFO   c.z.h.HikariDataSource - HikariPool-1 - Shutdown initiated...
27.04.2023 17:26:10.149 [SpringApplicationShutdownHook] INFO   c.z.h.HikariDataSource - HikariPool-1 - Shutdown completed.
27.04.2023 18:03:58.809 [background-preinit] INFO   o.h.v.i.util.Version - HV000001: Hibernate Validator 8.0.0.Final
27.04.2023 18:03:58.932 [restartedMain] INFO   c.e.e.f.R.RailwayTicketOfficeApplication - Starting RailwayTicketOfficeApplication using Java 17.0.3.1 with PID 3288 (C:\Users\Полина\Documents\GitHub\Railway-ticket-office\target\classes started by Полина in C:\Users\Полина\Documents\GitHub\Railway-ticket-office)
27.04.2023 18:03:58.940 [restartedMain] INFO   c.e.e.f.R.RailwayTicketOfficeApplication - No active profile set, falling back to 1 default profile: "default"
27.04.2023 18:03:59.061 [restartedMain] INFO   o.s.b.d.e.DevToolsPropertyDefaultsPostProcessor - Devtools property defaults active! Set 'spring.devtools.add-properties' to 'false' to disable
27.04.2023 18:03:59.061 [restartedMain] INFO   o.s.b.d.e.DevToolsPropertyDefaultsPostProcessor - For additional web related logging consider setting the 'logging.level.web' property to 'DEBUG'
27.04.2023 18:04:01.153 [restartedMain] INFO   o.s.d.r.c.RepositoryConfigurationDelegate - Bootstrapping Spring Data JPA repositories in DEFAULT mode.
27.04.2023 18:04:01.377 [restartedMain] INFO   o.s.d.r.c.RepositoryConfigurationDelegate - Finished Spring Data repository scanning in 195 ms. Found 6 JPA repository interfaces.
27.04.2023 18:04:03.345 [restartedMain] INFO   o.s.b.w.e.t.TomcatWebServer - Tomcat initialized with port(s): 8080 (http)
27.04.2023 18:04:03.377 [restartedMain] INFO   o.a.c.h.Http11NioProtocol - Initializing ProtocolHandler ["http-nio-8080"]
27.04.2023 18:04:03.377 [restartedMain] INFO   o.a.c.c.StandardService - Starting service [Tomcat]
27.04.2023 18:04:03.377 [restartedMain] INFO   o.a.c.c.StandardEngine - Starting Servlet engine: [Apache Tomcat/10.1.7]
27.04.2023 18:04:03.545 [restartedMain] INFO   o.a.c.c.C.[.[.[/] - Initializing Spring embedded WebApplicationContext
27.04.2023 18:04:03.545 [restartedMain] INFO   o.s.b.w.s.c.ServletWebServerApplicationContext - Root WebApplicationContext: initialization completed in 4484 ms
27.04.2023 18:04:04.019 [restartedMain] INFO   o.h.j.i.u.LogHelper - HHH000204: Processing PersistenceUnitInfo [name: default]
27.04.2023 18:04:04.163 [restartedMain] INFO   o.hibernate.Version - HHH000412: Hibernate ORM core version 6.1.7.Final
27.04.2023 18:04:04.883 [restartedMain] INFO   c.z.h.HikariDataSource - HikariPool-1 - Starting...
27.04.2023 18:04:05.651 [restartedMain] INFO   c.z.h.p.HikariPool - HikariPool-1 - Added connection com.mysql.cj.jdbc.ConnectionImpl@70e37203
27.04.2023 18:04:05.659 [restartedMain] INFO   c.z.h.HikariDataSource - HikariPool-1 - Start completed.
27.04.2023 18:04:05.803 [restartedMain] INFO   SQL dialect - HHH000400: Using dialect: org.hibernate.dialect.MySQLDialect
27.04.2023 18:04:08.367 [restartedMain] INFO   o.h.e.t.j.p.i.JtaPlatformInitiator - HHH000490: Using JtaPlatform implementation: [org.hibernate.engine.transaction.jta.platform.internal.NoJtaPlatform]
27.04.2023 18:04:08.407 [restartedMain] INFO   o.s.o.j.LocalContainerEntityManagerFactoryBean - Initialized JPA EntityManagerFactory for persistence unit 'default'
27.04.2023 18:04:09.827 [restartedMain] WARN   o.s.b.a.o.j.JpaBaseConfiguration$JpaWebConfiguration - spring.jpa.open-in-view is enabled by default. Therefore, database queries may be performed during view rendering. Explicitly configure spring.jpa.open-in-view to disable this warning
27.04.2023 18:04:10.610 [restartedMain] INFO   o.s.s.w.DefaultSecurityFilterChain - Will secure any request with [org.springframework.security.web.session.DisableEncodeUrlFilter@178546cb, org.springframework.security.web.context.request.async.WebAsyncManagerIntegrationFilter@dc768be, org.springframework.security.web.context.SecurityContextHolderFilter@2a81d94e, org.springframework.security.web.header.HeaderWriterFilter@54214f37, org.springframework.security.web.authentication.logout.LogoutFilter@cb28c80, org.springframework.security.web.authentication.UsernamePasswordAuthenticationFilter@355f43c8, org.springframework.security.web.savedrequest.RequestCacheAwareFilter@9a3953d, org.springframework.security.web.servletapi.SecurityContextHolderAwareRequestFilter@4de8b9c1, org.springframework.security.web.authentication.AnonymousAuthenticationFilter@4c33e0ea, org.springframework.security.web.access.ExceptionTranslationFilter@7cf7ff75, org.springframework.security.web.access.intercept.AuthorizationFilter@65182c1f]
27.04.2023 18:04:11.228 [restartedMain] INFO   o.s.b.d.a.OptionalLiveReloadServer - LiveReload server is running on port 35729
27.04.2023 18:04:11.268 [restartedMain] INFO   o.a.c.h.Http11NioProtocol - Starting ProtocolHandler ["http-nio-8080"]
27.04.2023 18:04:11.316 [restartedMain] INFO   o.s.b.w.e.t.TomcatWebServer - Tomcat started on port(s): 8080 (http) with context path ''
27.04.2023 18:04:11.336 [restartedMain] INFO   c.e.e.f.R.RailwayTicketOfficeApplication - Started RailwayTicketOfficeApplication in 13.506 seconds (process running for 15.797)
27.04.2023 18:42:21.306 [SpringApplicationShutdownHook] INFO   o.s.o.j.LocalContainerEntityManagerFactoryBean - Closing JPA EntityManagerFactory for persistence unit 'default'
27.04.2023 18:42:21.314 [SpringApplicationShutdownHook] INFO   c.z.h.HikariDataSource - HikariPool-1 - Shutdown initiated...
27.04.2023 18:42:21.338 [SpringApplicationShutdownHook] INFO   c.z.h.HikariDataSource - HikariPool-1 - Shutdown completed.
27.04.2023 19:31:41.604 [background-preinit] INFO   o.h.v.i.util.Version - HV000001: Hibernate Validator 8.0.0.Final
27.04.2023 19:31:41.770 [restartedMain] INFO   c.e.e.f.R.RailwayTicketOfficeApplication - Starting RailwayTicketOfficeApplication using Java 17.0.3.1 with PID 15012 (C:\Users\Полина\Documents\GitHub\Railway-ticket-office\target\classes started by Полина in C:\Users\Полина\Documents\GitHub\Railway-ticket-office)
27.04.2023 19:31:41.770 [restartedMain] INFO   c.e.e.f.R.RailwayTicketOfficeApplication - No active profile set, falling back to 1 default profile: "default"
27.04.2023 19:33:13.419 [background-preinit] INFO   o.h.v.i.util.Version - HV000001: Hibernate Validator 8.0.0.Final
27.04.2023 19:33:13.514 [restartedMain] INFO   c.e.e.f.R.RailwayTicketOfficeApplication - Starting RailwayTicketOfficeApplication using Java 17.0.3.1 with PID 1380 (C:\Users\Полина\Documents\GitHub\Railway-ticket-office\target\classes started by Полина in C:\Users\Полина\Documents\GitHub\Railway-ticket-office)
27.04.2023 19:33:13.514 [restartedMain] INFO   c.e.e.f.R.RailwayTicketOfficeApplication - No active profile set, falling back to 1 default profile: "default"
27.04.2023 19:33:13.651 [restartedMain] INFO   o.s.b.d.e.DevToolsPropertyDefaultsPostProcessor - Devtools property defaults active! Set 'spring.devtools.add-properties' to 'false' to disable
27.04.2023 19:33:13.651 [restartedMain] INFO   o.s.b.d.e.DevToolsPropertyDefaultsPostProcessor - For additional web related logging consider setting the 'logging.level.web' property to 'DEBUG'
27.04.2023 19:33:15.834 [restartedMain] INFO   o.s.d.r.c.RepositoryConfigurationDelegate - Bootstrapping Spring Data JPA repositories in DEFAULT mode.
27.04.2023 19:33:16.073 [restartedMain] INFO   o.s.d.r.c.RepositoryConfigurationDelegate - Finished Spring Data repository scanning in 209 ms. Found 6 JPA repository interfaces.
27.04.2023 19:33:18.142 [restartedMain] INFO   o.s.b.w.e.t.TomcatWebServer - Tomcat initialized with port(s): 8080 (http)
27.04.2023 19:33:18.180 [restartedMain] INFO   o.a.c.h.Http11NioProtocol - Initializing ProtocolHandler ["http-nio-8080"]
27.04.2023 19:33:18.180 [restartedMain] INFO   o.a.c.c.StandardService - Starting service [Tomcat]
27.04.2023 19:33:18.180 [restartedMain] INFO   o.a.c.c.StandardEngine - Starting Servlet engine: [Apache Tomcat/10.1.7]
27.04.2023 19:33:18.358 [restartedMain] INFO   o.a.c.c.C.[.[.[/] - Initializing Spring embedded WebApplicationContext
27.04.2023 19:33:18.358 [restartedMain] INFO   o.s.b.w.s.c.ServletWebServerApplicationContext - Root WebApplicationContext: initialization completed in 4707 ms
27.04.2023 19:33:18.806 [restartedMain] INFO   o.h.j.i.u.LogHelper - HHH000204: Processing PersistenceUnitInfo [name: default]
27.04.2023 19:33:18.966 [restartedMain] INFO   o.hibernate.Version - HHH000412: Hibernate ORM core version 6.1.7.Final
27.04.2023 19:33:19.800 [restartedMain] INFO   c.z.h.HikariDataSource - HikariPool-1 - Starting...
27.04.2023 19:33:20.619 [restartedMain] INFO   c.z.h.p.HikariPool - HikariPool-1 - Added connection com.mysql.cj.jdbc.ConnectionImpl@470f61a4
27.04.2023 19:33:20.634 [restartedMain] INFO   c.z.h.HikariDataSource - HikariPool-1 - Start completed.
27.04.2023 19:33:20.796 [restartedMain] INFO   SQL dialect - HHH000400: Using dialect: org.hibernate.dialect.MySQLDialect
27.04.2023 19:33:23.997 [restartedMain] INFO   o.h.e.t.j.p.i.JtaPlatformInitiator - HHH000490: Using JtaPlatform implementation: [org.hibernate.engine.transaction.jta.platform.internal.NoJtaPlatform]
27.04.2023 19:33:24.013 [restartedMain] INFO   o.s.o.j.LocalContainerEntityManagerFactoryBean - Initialized JPA EntityManagerFactory for persistence unit 'default'
27.04.2023 19:33:25.286 [restartedMain] WARN   o.s.b.a.o.j.JpaBaseConfiguration$JpaWebConfiguration - spring.jpa.open-in-view is enabled by default. Therefore, database queries may be performed during view rendering. Explicitly configure spring.jpa.open-in-view to disable this warning
27.04.2023 19:33:26.067 [restartedMain] INFO   o.s.s.w.DefaultSecurityFilterChain - Will secure any request with [org.springframework.security.web.session.DisableEncodeUrlFilter@3e508f50, org.springframework.security.web.context.request.async.WebAsyncManagerIntegrationFilter@152769a, org.springframework.security.web.context.SecurityContextHolderFilter@785b32c3, org.springframework.security.web.header.HeaderWriterFilter@7d657d95, org.springframework.security.web.authentication.logout.LogoutFilter@1a8d9a21, org.springframework.security.web.authentication.UsernamePasswordAuthenticationFilter@1bc14fb8, org.springframework.security.web.savedrequest.RequestCacheAwareFilter@62c953fb, org.springframework.security.web.servletapi.SecurityContextHolderAwareRequestFilter@61440c16, org.springframework.security.web.authentication.AnonymousAuthenticationFilter@161ef583, org.springframework.security.web.access.ExceptionTranslationFilter@958586a, org.springframework.security.web.access.intercept.AuthorizationFilter@6ab4ad2]
27.04.2023 19:33:26.707 [restartedMain] INFO   o.s.b.d.a.OptionalLiveReloadServer - LiveReload server is running on port 35729
27.04.2023 19:33:26.738 [restartedMain] INFO   o.a.c.h.Http11NioProtocol - Starting ProtocolHandler ["http-nio-8080"]
27.04.2023 19:33:26.778 [restartedMain] INFO   o.s.b.w.e.t.TomcatWebServer - Tomcat started on port(s): 8080 (http) with context path ''
27.04.2023 19:33:26.807 [restartedMain] INFO   c.e.e.f.R.RailwayTicketOfficeApplication - Started RailwayTicketOfficeApplication in 14.141 seconds (process running for 16.009)
27.04.2023 19:44:17.241 [SpringApplicationShutdownHook] INFO   o.s.o.j.LocalContainerEntityManagerFactoryBean - Closing JPA EntityManagerFactory for persistence unit 'default'
27.04.2023 19:44:17.249 [SpringApplicationShutdownHook] INFO   c.z.h.HikariDataSource - HikariPool-1 - Shutdown initiated...
27.04.2023 19:44:17.281 [SpringApplicationShutdownHook] INFO   c.z.h.HikariDataSource - HikariPool-1 - Shutdown completed.
