05.05.2023 18:53:12.854 [background-preinit] INFO   o.h.v.i.util.Version - HV000001: Hibernate Validator 8.0.0.Final
05.05.2023 18:53:12.994 [restartedMain] INFO   c.e.e.f.R.RailwayTicketOfficeApplication - Starting RailwayTicketOfficeApplication using Java 17.0.3.1 with PID 10440 (C:\Users\Полина\Documents\GitHub\Railway-ticket-office\target\classes started by Полина in C:\Users\Полина\Documents\GitHub\Railway-ticket-office)
05.05.2023 18:53:12.998 [restartedMain] INFO   c.e.e.f.R.RailwayTicketOfficeApplication - No active profile set, falling back to 1 default profile: "default"
05.05.2023 18:53:13.156 [restartedMain] INFO   o.s.b.d.e.DevToolsPropertyDefaultsPostProcessor - Devtools property defaults active! Set 'spring.devtools.add-properties' to 'false' to disable
05.05.2023 18:53:13.158 [restartedMain] INFO   o.s.b.d.e.DevToolsPropertyDefaultsPostProcessor - For additional web related logging consider setting the 'logging.level.web' property to 'DEBUG'
05.05.2023 18:53:15.557 [restartedMain] INFO   o.s.d.r.c.RepositoryConfigurationDelegate - Bootstrapping Spring Data JPA repositories in DEFAULT mode.
05.05.2023 18:53:16.041 [restartedMain] INFO   o.s.d.r.c.RepositoryConfigurationDelegate - Finished Spring Data repository scanning in 454 ms. Found 6 JPA repository interfaces.
05.05.2023 18:53:20.536 [restartedMain] INFO   o.s.b.w.e.t.TomcatWebServer - Tomcat initialized with port(s): 8080 (http)
05.05.2023 18:53:20.598 [restartedMain] INFO   o.a.c.h.Http11NioProtocol - Initializing ProtocolHandler ["http-nio-8080"]
05.05.2023 18:53:20.602 [restartedMain] INFO   o.a.c.c.StandardService - Starting service [Tomcat]
05.05.2023 18:53:20.610 [restartedMain] INFO   o.a.c.c.StandardEngine - Starting Servlet engine: [Apache Tomcat/10.1.7]
05.05.2023 18:53:21.624 [restartedMain] INFO   o.a.c.c.C.[.[.[/] - Initializing Spring embedded WebApplicationContext
05.05.2023 18:53:21.628 [restartedMain] INFO   o.s.b.w.s.c.ServletWebServerApplicationContext - Root WebApplicationContext: initialization completed in 8468 ms
05.05.2023 18:53:22.943 [restartedMain] INFO   o.h.j.i.u.LogHelper - HHH000204: Processing PersistenceUnitInfo [name: default]
05.05.2023 18:53:23.128 [restartedMain] INFO   o.hibernate.Version - HHH000412: Hibernate ORM core version 6.1.7.Final
05.05.2023 18:53:24.321 [restartedMain] INFO   c.z.h.HikariDataSource - HikariPool-1 - Starting...
05.05.2023 18:53:25.439 [restartedMain] INFO   c.z.h.p.HikariPool - HikariPool-1 - Added connection com.mysql.cj.jdbc.ConnectionImpl@79e6398a
05.05.2023 18:53:25.448 [restartedMain] INFO   c.z.h.HikariDataSource - HikariPool-1 - Start completed.
05.05.2023 18:53:25.734 [restartedMain] INFO   SQL dialect - HHH000400: Using dialect: org.hibernate.dialect.MySQLDialect
05.05.2023 18:53:29.996 [restartedMain] INFO   o.h.e.t.j.p.i.JtaPlatformInitiator - HHH000490: Using JtaPlatform implementation: [org.hibernate.engine.transaction.jta.platform.internal.NoJtaPlatform]
05.05.2023 18:53:30.026 [restartedMain] INFO   o.s.o.j.LocalContainerEntityManagerFactoryBean - Initialized JPA EntityManagerFactory for persistence unit 'default'
05.05.2023 18:53:32.820 [restartedMain] WARN   o.s.b.a.o.j.JpaBaseConfiguration$JpaWebConfiguration - spring.jpa.open-in-view is enabled by default. Therefore, database queries may be performed during view rendering. Explicitly configure spring.jpa.open-in-view to disable this warning
05.05.2023 18:53:34.092 [restartedMain] INFO   o.s.s.w.DefaultSecurityFilterChain - Will secure any request with [org.springframework.security.web.session.DisableEncodeUrlFilter@6598dda3, org.springframework.security.web.context.request.async.WebAsyncManagerIntegrationFilter@baaed99, org.springframework.security.web.context.SecurityContextHolderFilter@757377e2, org.springframework.security.web.header.HeaderWriterFilter@ff5e748, org.springframework.security.web.authentication.logout.LogoutFilter@641ab02f, org.springframework.security.web.authentication.UsernamePasswordAuthenticationFilter@23056eb0, org.springframework.security.web.savedrequest.RequestCacheAwareFilter@2a838231, org.springframework.security.web.servletapi.SecurityContextHolderAwareRequestFilter@fd31633, org.springframework.security.web.authentication.AnonymousAuthenticationFilter@3d272b2, org.springframework.security.web.access.ExceptionTranslationFilter@540fbb00, org.springframework.security.web.access.intercept.AuthorizationFilter@171f3879]
05.05.2023 18:53:34.788 [restartedMain] INFO   o.s.b.d.a.OptionalLiveReloadServer - LiveReload server is running on port 35729
05.05.2023 18:53:34.817 [restartedMain] INFO   o.a.c.h.Http11NioProtocol - Starting ProtocolHandler ["http-nio-8080"]
05.05.2023 18:53:34.880 [restartedMain] INFO   o.s.b.w.e.t.TomcatWebServer - Tomcat started on port(s): 8080 (http) with context path ''
05.05.2023 18:53:34.903 [restartedMain] INFO   c.e.e.f.R.RailwayTicketOfficeApplication - Started RailwayTicketOfficeApplication in 22.856 seconds (process running for 28.72)
05.05.2023 18:53:40.800 [http-nio-8080-exec-1] INFO   o.a.c.c.C.[.[.[/] - Initializing Spring DispatcherServlet 'dispatcherServlet'
05.05.2023 18:53:40.801 [http-nio-8080-exec-1] INFO   o.s.w.s.DispatcherServlet - Initializing Servlet 'dispatcherServlet'
05.05.2023 18:53:40.804 [http-nio-8080-exec-1] INFO   o.s.w.s.DispatcherServlet - Completed initialization in 3 ms
05.05.2023 18:53:40.935 [http-nio-8080-exec-1] INFO   c.e.e.f.R.c.MainController - Home page
05.05.2023 18:54:16.660 [http-nio-8080-exec-5] INFO   c.e.e.f.R.c.MainController - Home page
05.05.2023 18:55:18.698 [http-nio-8080-exec-1] INFO   c.e.e.f.R.c.AdminController - AdminController: method 'findAllUsers'
05.05.2023 18:55:18.701 [http-nio-8080-exec-1] INFO   c.e.e.f.R.s.UserService - UserService: method 'findAllUsers'
05.05.2023 18:55:22.605 [http-nio-8080-exec-7] INFO   c.e.e.f.R.c.AdminController - AdminController: method 'findAllUsers'
05.05.2023 18:55:22.606 [http-nio-8080-exec-7] INFO   c.e.e.f.R.s.UserService - UserService: method 'findAllUsers'
05.05.2023 18:55:23.722 [http-nio-8080-exec-10] INFO   c.e.e.f.R.c.AdminController - AdminController: method 'findAllUsers'
05.05.2023 18:55:23.723 [http-nio-8080-exec-10] INFO   c.e.e.f.R.s.UserService - UserService: method 'findAllUsers'
05.05.2023 18:55:24.535 [http-nio-8080-exec-5] INFO   c.e.e.f.R.c.AdminController - AdminController: method 'findAllUsers'
05.05.2023 18:55:24.536 [http-nio-8080-exec-5] INFO   c.e.e.f.R.s.UserService - UserService: method 'findAllUsers'
05.05.2023 18:55:25.360 [http-nio-8080-exec-1] INFO   c.e.e.f.R.c.AdminController - AdminController: method 'findAllUsers'
05.05.2023 18:55:25.361 [http-nio-8080-exec-1] INFO   c.e.e.f.R.s.UserService - UserService: method 'findAllUsers'
05.05.2023 18:55:27.822 [http-nio-8080-exec-7] INFO   c.e.e.f.R.c.MainController - Home page
05.05.2023 18:55:35.757 [SpringApplicationShutdownHook] INFO   o.s.o.j.LocalContainerEntityManagerFactoryBean - Closing JPA EntityManagerFactory for persistence unit 'default'
05.05.2023 18:55:35.765 [SpringApplicationShutdownHook] INFO   c.z.h.HikariDataSource - HikariPool-1 - Shutdown initiated...
05.05.2023 18:55:35.812 [SpringApplicationShutdownHook] INFO   c.z.h.HikariDataSource - HikariPool-1 - Shutdown completed.
